{"meta": {"format": 3, "version": "7.14.2", "timestamp": "2026-06-26T03:47:44.769558", "branch_coverage": false, "show_contexts": false}, "files": {"src\\anythink\\__init__.py": {"executed_lines": [3, 5, 6, 7, 8, 10], "summary": {"covered_lines": 6, "num_statements": 6, "percent_covered": 100.0, "percent_covered_display": "100", "missing_lines": 0, "excluded_lines": 0, "percent_statements_covered": 100.0, "percent_statements_covered_display": "100"}, "missing_lines": [], "excluded_lines": [], "functions": {"": {"executed_lines": [3, 5, 6, 7, 8, 10], "summary": {"covered_lines": 6, "num_statements": 6, "percent_covered": 100.0, "percent_covered_display": "100", "missing_lines": 0, "excluded_lines": 0, "percent_statements_covered": 100.0, "percent_statements_covered_display": "100"}, "missing_lines": [], "excluded_lines": [], "start_line": 1}}, "classes": {"": {"executed_lines": [3, 5, 6, 7, 8, 10], "summary": {"covered_lines": 6, "num_statements": 6, "percent_covered": 100.0, "percent_covered_display": "100", "missing_lines": 0, "excluded_lines": 0, "percent_statements_covered": 100.0, "percent_statements_covered_display": "100"}, "missing_lines": [], "excluded_lines": [], "start_line": 1}}}, "src\\anythink\\app\\__init__.py": {"executed_lines": [], "summary": {"covered_lines": 0, "num_statements": 0, "percent_covered": 100.0, "percent_covered_display": "100", "missing_lines": 0, "excluded_lines": 0, "percent_statements_covered": 100.0, "percent_statements_covered_display": "100"}, "missing_lines": [], "excluded_lines": [], "functions": {"": {"executed_lines": [], "summary": {"covered_lines": 0, "num_statements": 0, "percent_covered": 100.0, "percent_covered_display": "100", "missing_lines": 0, "excluded_lines": 0, "percent_statements_covered": 100.0, "percent_statements_covered_display": "100"}, "missing_lines": [], "excluded_lines": [], "start_line": 1}}, "classes": {"": {"executed_lines": [], "summary": {"covered_lines": 0, "num_statements": 0, "percent_covered": 100.0, "percent_covered_display": "100", "missing_lines": 0, "excluded_lines": 0, "percent_statements_covered": 100.0, "percent_statements_covered_display": "100"}, "missing_lines": [], "excluded_lines": [], "start_line": 1}}}, "src\\anythink\\app\\chat.py": {"executed_lines": [3, 5, 6, 8, 10, 11, 12, 13, 14, 15, 16, 17, 18, 25, 26, 27, 28, 29, 30, 31, 34, 35, 38, 39, 40, 41, 42, 43, 44, 45, 46, 47, 49, 50, 53, 54, 57, 59, 61, 63, 65, 67, 68, 69, 70, 73, 79, 81, 82, 84, 85, 86, 87, 89, 91, 92, 94, 97, 98, 99, 100, 101, 102, 103, 106, 108, 109, 110, 112, 113, 114, 115, 116, 119, 121, 122, 123, 124, 125, 126, 130, 131, 132, 133, 136, 138, 139, 140, 141, 146, 152, 154, 155, 156, 157, 158, 164, 175, 178, 183, 184, 186, 188, 190, 191, 192, 194, 195, 196, 198, 199, 205, 207, 208, 209, 211, 212, 213, 214, 215, 216, 217, 219, 220, 221, 224, 225, 226, 227, 228, 229, 230, 231, 234, 235, 236, 239, 241, 242, 243, 244, 245, 246, 247, 249, 250, 253, 254, 262, 263, 266, 273, 276, 277, 281, 282, 283, 284, 285, 286, 288, 289, 290, 291, 293, 294, 296, 298, 299, 304, 305, 306, 307, 308, 310, 311, 312, 313, 314, 316, 317, 325, 326, 327, 328, 333, 334, 335, 342, 343, 351, 354, 355, 356, 358, 360, 365, 367, 368, 369, 375, 377, 378, 379, 386, 388, 390, 391, 396, 397, 403, 405, 406, 413, 415], "summary": {"covered_lines": 215, "num_statements": 215, "percent_covered": 100.0, "percent_covered_display": "100", "missing_lines": 0, "excluded_lines": 0, "percent_statements_covered": 100.0, "percent_statements_covered_display": "100"}, "missing_lines": [], "excluded_lines": [], "functions": {"ChatState.__post_init__": {"executed_lines": [67, 68, 69, 70], "summary": {"covered_lines": 4, "num_statements": 4, "percent_covered": 100.0, "percent_covered_display": "100", "missing_lines": 0, "excluded_lines": 0, "percent_statements_covered": 100.0, "percent_statements_covered_display": "100"}, "missing_lines": [], "excluded_lines": [], "start_line": 65}, "_trim_history": {"executed_lines": [79, 81, 82, 84, 89, 91, 92, 94], "summary": {"covered_lines": 8, "num_statements": 8, "percent_covered": 100.0, "percent_covered_display": "100", "missing_lines": 0, "excluded_lines": 0, "percent_statements_covered": 100.0, "percent_statements_covered_display": "100"}, "missing_lines": [], "excluded_lines": [], "start_line": 73}, "_trim_history._msg_chars": {"executed_lines": [85, 86, 87], "summary": {"covered_lines": 3, "num_statements": 3, "percent_covered": 100.0, "percent_covered_display": "100", "missing_lines": 0, "excluded_lines": 0, "percent_statements_covered": 100.0, "percent_statements_covered_display": "100"}, "missing_lines": [], "excluded_lines": [], "start_line": 84}, "_format_search_results": {"executed_lines": [98, 99, 100, 101, 102, 103], "summary": {"covered_lines": 6, "num_statements": 6, "percent_covered": 100.0, "percent_covered_display": "100", "missing_lines": 0, "excluded_lines": 0, "percent_statements_covered": 100.0, "percent_statements_covered_display": "100"}, "missing_lines": [], "excluded_lines": [], "start_line": 97}, "_freshness_to_date": {"executed_lines": [108, 109, 110, 112, 113, 114, 115, 116], "summary": {"covered_lines": 8, "num_statements": 8, "percent_covered": 100.0, "percent_covered_display": "100", "missing_lines": 0, "excluded_lines": 0, "percent_statements_covered": 100.0, "percent_statements_covered_display": "100"}, "missing_lines": [], "excluded_lines": [], "start_line": 106}, "_history_context": {"executed_lines": [121, 122, 123, 124, 125, 126, 130, 131, 132, 133], "summary": {"covered_lines": 10, "num_statements": 10, "percent_covered": 100.0, "percent_covered_display": "100", "missing_lines": 0, "excluded_lines": 0, "percent_statements_covered": 100.0, "percent_statements_covered_display": "100"}, "missing_lines": [], "excluded_lines": [], "start_line": 119}, "_inject_search_context": {"executed_lines": [138, 139, 140, 141, 146], "summary": {"covered_lines": 5, "num_statements": 5, "percent_covered": 100.0, "percent_covered_display": "100", "missing_lines": 0, "excluded_lines": 0, "percent_statements_covered": 100.0, "percent_statements_covered_display": "100"}, "missing_lines": [], "excluded_lines": [], "start_line": 136}, "_build_session": {"executed_lines": [154, 155, 156, 157, 158, 164], "summary": {"covered_lines": 6, "num_statements": 6, "percent_covered": 100.0, "percent_covered_display": "100", "missing_lines": 0, "excluded_lines": 0, "percent_statements_covered": 100.0, "percent_statements_covered_display": "100"}, "missing_lines": [], "excluded_lines": [], "start_line": 152}, "ChatApp.__init__": {"executed_lines": [183, 184], "summary": {"covered_lines": 2, "num_statements": 2, "percent_covered": 100.0, "percent_covered_display": "100", "missing_lines": 0, "excluded_lines": 0, "percent_statements_covered": 100.0, "percent_statements_covered_display": "100"}, "missing_lines": [], "excluded_lines": [], "start_line": 178}, "ChatApp.run": {"executed_lines": [188, 190, 191, 192, 194, 195, 196, 198, 199, 205, 207, 208, 209, 211, 212, 213, 214, 215, 216, 217, 219, 220, 221, 224, 225, 226, 227, 228, 229, 230, 231, 234, 235, 236, 239, 241, 242, 243, 244, 245, 246, 247, 249, 250, 253, 254, 262, 263, 266, 273, 276, 277, 281, 282, 283, 284, 285, 286, 288, 289, 290, 291, 293, 294, 296, 298, 299, 304, 305, 306, 307, 308, 310, 311, 312, 313, 314, 316, 317, 325, 326, 327, 328, 333, 334, 335, 342, 343, 351, 354, 355, 356, 358], "summary": {"covered_lines": 93, "num_statements": 93, "percent_covered": 100.0, "percent_covered_display": "100", "missing_lines": 0, "excluded_lines": 0, "percent_statements_covered": 100.0, "percent_statements_covered_display": "100"}, "missing_lines": [], "excluded_lines": [], "start_line": 186}, "ChatApp._resolve_state": {"executed_lines": [365, 367, 368, 369, 375, 377, 378, 379, 386, 388, 390, 391, 396, 397, 403, 405, 406, 413, 415], "summary": {"covered_lines": 19, "num_statements": 19, "percent_covered": 100.0, "percent_covered_display": "100", "missing_lines": 0, "excluded_lines": 0, "percent_statements_covered": 100.0, "percent_statements_covered_display": "100"}, "missing_lines": [], "excluded_lines": [], "start_line": 360}, "": {"executed_lines": [3, 5, 6, 8, 10, 11, 12, 13, 14, 15, 16, 17, 18, 25, 26, 27, 28, 29, 30, 31, 34, 35, 38, 39, 40, 41, 42, 43, 44, 45, 46, 47, 49, 50, 53, 54, 57, 59, 61, 63, 65, 73, 97, 106, 119, 136, 152, 175, 178, 186, 360], "summary": {"covered_lines": 51, "num_statements": 51, "percent_covered": 100.0, "percent_covered_display": "100", "missing_lines": 0, "excluded_lines": 0, "percent_statements_covered": 100.0, "percent_statements_covered_display": "100"}, "missing_lines": [], "excluded_lines": [], "start_line": 1}}, "classes": {"ChatState": {"executed_lines": [67, 68, 69, 70], "summary": {"covered_lines": 4, "num_statements": 4, "percent_covered": 100.0, "percent_covered_display": "100", "missing_lines": 0, "excluded_lines": 0, "percent_statements_covered": 100.0, "percent_statements_covered_display": "100"}, "missing_lines": [], "excluded_lines": [], "start_line": 35}, "ChatApp": {"executed_lines": [183, 184, 188, 190, 191, 192, 194, 195, 196, 198, 199, 205, 207, 208, 209, 211, 212, 213, 214, 215, 216, 217, 219, 220, 221, 224, 225, 226, 227, 228, 229, 230, 231, 234, 235, 236, 239, 241, 242, 243, 244, 245, 246, 247, 249, 250, 253, 254, 262, 263, 266, 273, 276, 277, 281, 282, 283, 284, 285, 286, 288, 289, 290, 291, 293, 294, 296, 298, 299, 304, 305, 306, 307, 308, 310, 311, 312, 313, 314, 316, 317, 325, 326, 327, 328, 333, 334, 335, 342, 343, 351, 354, 355, 356, 358, 365, 367, 368, 369, 375, 377, 378, 379, 386, 388, 390, 391, 396, 397, 403, 405, 406, 413, 415], "summary": {"covered_lines": 114, "num_statements": 114, "percent_covered": 100.0, "percent_covered_display": "100", "missing_lines": 0, "excluded_lines": 0, "percent_statements_covered": 100.0, "percent_statements_covered_display": "100"}, "missing_lines": [], "excluded_lines": [], "start_line": 175}, "": {"executed_lines": [3, 5, 6, 8, 10, 11, 12, 13, 14, 15, 16, 17, 18, 25, 26, 27, 28, 29, 30, 31, 34, 35, 38, 39, 40, 41, 42, 43, 44, 45, 46, 47, 49, 50, 53, 54, 57, 59, 61, 63, 65, 73, 79, 81, 82, 84, 85, 86, 87, 89, 91, 92, 94, 97, 98, 99, 100, 101, 102, 103, 106, 108, 109, 110, 112, 113, 114, 115, 116, 119, 121, 122, 123, 124, 125, 126, 130, 131, 132, 133, 136, 138, 139, 140, 141, 146, 152, 154, 155, 156, 157, 158, 164, 175, 178, 186, 360], "summary": {"covered_lines": 97, "num_statements": 97, "percent_covered": 100.0, "percent_covered_display": "100", "missing_lines": 0, "excluded_lines": 0, "percent_statements_covered": 100.0, "percent_statements_covered_display": "100"}, "missing_lines": [], "excluded_lines": [], "start_line": 1}}}, "src\\anythink\\app\\context.py": {"executed_lines": [3, 5, 6, 8, 10, 11, 12, 13, 14, 15, 16, 17, 18, 19, 20, 21, 22, 23, 24, 25, 26, 27, 28, 29, 30, 31, 32, 33, 34, 35, 36, 37, 38, 39, 40, 41, 42, 43, 44, 45, 46, 50, 56, 57, 58, 59, 60, 61, 64, 70, 71, 72, 74, 75, 76, 77, 78, 79, 80, 81, 82, 83, 84, 85, 86, 88, 91, 92, 93, 94, 96, 126, 127, 134, 135, 136, 137, 138, 139, 140, 141, 142, 143, 144, 145, 146, 147, 148, 149, 150, 151, 152, 153, 154, 155, 156, 158, 159, 160, 161, 162, 163, 164, 165, 167, 168, 174, 175, 177, 178, 179, 180, 181, 183, 184, 187, 188, 190, 191, 193, 194, 203, 204, 210, 211, 221, 222, 224, 225, 226, 227, 228, 231, 235, 236, 240, 241, 248, 252, 257, 262, 270], "summary": {"covered_lines": 142, "num_statements": 142, "percent_covered": 100.0, "percent_covered_display": "100", "missing_lines": 0, "excluded_lines": 0, "percent_statements_covered": 100.0, "percent_statements_covered_display": "100"}, "missing_lines": [], "excluded_lines": [], "functions": {"_check_vision_capable": {"executed_lines": [57, 58, 59, 60, 61], "summary": {"covered_lines": 5, "num_statements": 5, "percent_covered": 100.0, "percent_covered_display": "100", "missing_lines": 0, "excluded_lines": 0, "percent_statements_covered": 100.0, "percent_statements_covered_display": "100"}, "missing_lines": [], "excluded_lines": [], "start_line": 56}, "_build_windows_servers": {"executed_lines": [70, 71, 72, 74, 75, 76, 77, 78, 79, 80, 81, 82, 83, 84, 85, 86, 88, 91, 92, 93, 94, 96], "summary": {"covered_lines": 22, "num_statements": 22, "percent_covered": 100.0, "percent_covered_display": "100", "missing_lines": 0, "excluded_lines": 0, "percent_statements_covered": 100.0, "percent_statements_covered_display": "100"}, "missing_lines": [], "excluded_lines": [], "start_line": 64}, "AppContext.create": {"executed_lines": [174, 175, 177, 178, 179, 180, 181, 183, 184, 187, 188, 190, 191, 193, 194, 203, 204, 210, 211, 221, 222, 224, 225, 226, 227, 228, 231, 235, 236, 240, 241, 248, 252, 257, 262, 270], "summary": {"covered_lines": 36, "num_statements": 36, "percent_covered": 100.0, "percent_covered_display": "100", "missing_lines": 0, "excluded_lines": 0, "percent_statements_covered": 100.0, "percent_statements_covered_display": "100"}, "missing_lines": [], "excluded_lines": [], "start_line": 168}, "": {"executed_lines": [3, 5, 6, 8, 10, 11, 12, 13, 14, 15, 16, 17, 18, 19, 20, 21, 22, 23, 24, 25, 26, 27, 28, 29, 30, 31, 32, 33, 34, 35, 36, 37, 38, 39, 40, 41, 42, 43, 44, 45, 46, 50, 56, 64, 126, 127, 134, 135, 136, 137, 138, 139, 140, 141, 142, 143, 144, 145, 146, 147, 148, 149, 150, 151, 152, 153, 154, 155, 156, 158, 159, 160, 161, 162, 163, 164, 165, 167, 168], "summary": {"covered_lines": 79, "num_statements": 79, "percent_covered": 100.0, "percent_covered_display": "100", "missing_lines": 0, "excluded_lines": 0, "percent_statements_covered": 100.0, "percent_statements_covered_display": "100"}, "missing_lines": [], "excluded_lines": [], "start_line": 1}}, "classes": {"AppContext": {"executed_lines": [174, 175, 177, 178, 179, 180, 181, 183, 184, 187, 188, 190, 191, 193, 194, 203, 204, 210, 211, 221, 222, 224, 225, 226, 227, 228, 231, 235, 236, 240, 241, 248, 252, 257, 262, 270], "summary": {"covered_lines": 36, "num_statements": 36, "percent_covered": 100.0, "percent_covered_display": "100", "missing_lines": 0, "excluded_lines": 0, "percent_statements_covered": 100.0, "percent_statements_covered_display": "100"}, "missing_lines": [], "excluded_lines": [], "start_line": 127}, "": {"executed_lines": [3, 5, 6, 8, 10, 11, 12, 13, 14, 15, 16, 17, 18, 19, 20, 21, 22, 23, 24, 25, 26, 27, 28, 29, 30, 31, 32, 33, 34, 35, 36, 37, 38, 39, 40, 41, 42, 43, 44, 45, 46, 50, 56, 57, 58, 59, 60, 61, 64, 70, 71, 72, 74, 75, 76, 77, 78, 79, 80, 81, 82, 83, 84, 85, 86, 88, 91, 92, 93, 94, 96, 126, 127, 134, 135, 136, 137, 138, 139, 140, 141, 142, 143, 144, 145, 146, 147, 148, 149, 150, 151, 152, 153, 154, 155, 156, 158, 159, 160, 161, 162, 163, 164, 165, 167, 168], "summary": {"covered_lines": 106, "num_statements": 106, "percent_covered": 100.0, "percent_covered_display": "100", "missing_lines": 0, "excluded_lines": 0, "percent_statements_covered": 100.0, "percent_statements_covered_display": "100"}, "missing_lines": [], "excluded_lines": [], "start_line": 1}}}, "src\\anythink\\batch\\__init__.py": {"executed_lines": [], "summary": {"covered_lines": 0, "num_statements": 0, "percent_covered": 100.0, "percent_covered_display": "100", "missing_lines": 0, "excluded_lines": 0, "percent_statements_covered": 100.0, "percent_statements_covered_display": "100"}, "missing_lines": [], "excluded_lines": [], "functions": {"": {"executed_lines": [], "summary": {"covered_lines": 0, "num_statements": 0, "percent_covered": 100.0, "percent_covered_display": "100", "missing_lines": 0, "excluded_lines": 0, "percent_statements_covered": 100.0, "percent_statements_covered_display": "100"}, "missing_lines": [], "excluded_lines": [], "start_line": 1}}, "classes": {"": {"executed_lines": [], "summary": {"covered_lines": 0, "num_statements": 0, "percent_covered": 100.0, "percent_covered_display": "100", "missing_lines": 0, "excluded_lines": 0, "percent_statements_covered": 100.0, "percent_statements_covered_display": "100"}, "missing_lines": [], "excluded_lines": [], "start_line": 1}}}, "src\\anythink\\batch\\runner.py": {"executed_lines": [3, 5, 6, 7, 8, 10, 15, 18, 19, 22, 23, 24, 25, 26, 27, 30, 38, 39, 41, 42, 51, 52, 54, 56, 57, 58, 59, 68, 70, 71, 72, 74, 79, 80, 81, 83, 92, 93, 103, 115, 116, 118, 119, 120, 122, 123, 124], "summary": {"covered_lines": 47, "num_statements": 49, "percent_covered": 95.91836734693878, "percent_covered_display": "96", "missing_lines": 2, "excluded_lines": 2, "percent_statements_covered": 95.91836734693878, "percent_statements_covered_display": "96"}, "missing_lines": [53, 60], "excluded_lines": [12, 13], "functions": {"_run_single_prompt": {"executed_lines": [38, 39, 41, 42, 51, 52, 54, 56, 57, 58, 59, 68, 70, 71, 72, 74, 79, 80, 81, 83, 92, 93], "summary": {"covered_lines": 22, "num_statements": 24, "percent_covered": 91.66666666666667, "percent_covered_display": "92", "missing_lines": 2, "excluded_lines": 0, "percent_statements_covered": 91.66666666666667, "percent_statements_covered_display": "92"}, "missing_lines": [53, 60], "excluded_lines": [], "start_line": 30}, "run_batch": {"executed_lines": [115, 116, 118, 122, 123, 124], "summary": {"covered_lines": 6, "num_statements": 6, "percent_covered": 100.0, "percent_covered_display": "100", "missing_lines": 0, "excluded_lines": 0, "percent_statements_covered": 100.0, "percent_statements_covered_display": "100"}, "missing_lines": [], "excluded_lines": [], "start_line": 103}, "run_batch._guarded": {"executed_lines": [119, 120], "summary": {"covered_lines": 2, "num_statements": 2, "percent_covered": 100.0, "percent_covered_display": "100", "missing_lines": 0, "excluded_lines": 0, "percent_statements_covered": 100.0, "percent_statements_covered_display": "100"}, "missing_lines": [], "excluded_lines": [], "start_line": 118}, "": {"executed_lines": [3, 5, 6, 7, 8, 10, 15, 18, 19, 22, 23, 24, 25, 26, 27, 30, 103], "summary": {"covered_lines": 17, "num_statements": 17, "percent_covered": 100.0, "percent_covered_display": "100", "missing_lines": 0, "excluded_lines": 2, "percent_statements_covered": 100.0, "percent_statements_covered_display": "100"}, "missing_lines": [], "excluded_lines": [12, 13], "start_line": 1}}, "classes": {"BatchResult": {"executed_lines": [], "summary": {"covered_lines": 0, "num_statements": 0, "percent_covered": 100.0, "percent_covered_display": "100", "missing_lines": 0, "excluded_lines": 0, "percent_statements_covered": 100.0, "percent_statements_covered_display": "100"}, "missing_lines": [], "excluded_lines": [], "start_line": 19}, "": {"executed_lines": [3, 5, 6, 7, 8, 10, 15, 18, 19, 22, 23, 24, 25, 26, 27, 30, 38, 39, 41, 42, 51, 52, 54, 56, 57, 58, 59, 68, 70, 71, 72, 74, 79, 80, 81, 83, 92, 93, 103, 115, 116, 118, 119, 120, 122, 123, 124], "summary": {"covered_lines": 47, "num_statements": 49, "percent_covered": 95.91836734693878, "percent_covered_display": "96", "missing_lines": 2, "excluded_lines": 2, "percent_statements_covered": 95.91836734693878, "percent_statements_covered_display": "96"}, "missing_lines": [53, 60], "excluded_lines": [12, 13], "start_line": 1}}}, "src\\anythink\\batch\\writers.py": {"executed_lines": [3, 5, 6, 8, 11, 13, 14, 15, 16, 17, 18, 19, 20, 22, 23, 24, 25, 26, 31, 32, 33, 35, 36, 39, 41, 60, 61], "summary": {"covered_lines": 27, "num_statements": 27, "percent_covered": 100.0, "percent_covered_display": "100", "missing_lines": 0, "excluded_lines": 0, "percent_statements_covered": 100.0, "percent_statements_covered_display": "100"}, "missing_lines": [], "excluded_lines": [], "functions": {"write_markdown": {"executed_lines": [13, 14, 15, 16, 17, 18, 19, 20, 22, 23, 24, 25, 26, 31, 32, 33, 35, 36], "summary": {"covered_lines": 18, "num_statements": 18, "percent_covered": 100.0, "percent_covered_display": "100", "missing_lines": 0, "excluded_lines": 0, "percent_statements_covered": 100.0, "percent_statements_covered_display": "100"}, "missing_lines": [], "excluded_lines": [], "start_line": 11}, "write_json": {"executed_lines": [41, 60, 61], "summary": {"covered_lines": 3, "num_statements": 3, "percent_covered": 100.0, "percent_covered_display": "100", "missing_lines": 0, "excluded_lines": 0, "percent_statements_covered": 100.0, "percent_statements_covered_display": "100"}, "missing_lines": [], "excluded_lines": [], "start_line": 39}, "": {"executed_lines": [3, 5, 6, 8, 11, 39], "summary": {"covered_lines": 6, "num_statements": 6, "percent_covered": 100.0, "percent_covered_display": "100", "missing_lines": 0, "excluded_lines": 0, "percent_statements_covered": 100.0, "percent_statements_covered_display": "100"}, "missing_lines": [], "excluded_lines": [], "start_line": 1}}, "classes": {"": {"executed_lines": [3, 5, 6, 8, 11, 13, 14, 15, 16, 17, 18, 19, 20, 22, 23, 24, 25, 26, 31, 32, 33, 35, 36, 39, 41, 60, 61], "summary": {"covered_lines": 27, "num_statements": 27, "percent_covered": 100.0, "percent_covered_display": "100", "missing_lines": 0, "excluded_lines": 0, "percent_statements_covered": 100.0, "percent_statements_covered_display": "100"}, "missing_lines": [], "excluded_lines": [], "start_line": 1}}}, "src\\anythink\\bookmarks\\__init__.py": {"executed_lines": [], "summary": {"covered_lines": 0, "num_statements": 0, "percent_covered": 100.0, "percent_covered_display": "100", "missing_lines": 0, "excluded_lines": 0, "percent_statements_covered": 100.0, "percent_statements_covered_display": "100"}, "missing_lines": [], "excluded_lines": [], "functions": {"": {"executed_lines": [], "summary": {"covered_lines": 0, "num_statements": 0, "percent_covered": 100.0, "percent_covered_display": "100", "missing_lines": 0, "excluded_lines": 0, "percent_statements_covered": 100.0, "percent_statements_covered_display": "100"}, "missing_lines": [], "excluded_lines": [], "start_line": 1}}, "classes": {"": {"executed_lines": [], "summary": {"covered_lines": 0, "num_statements": 0, "percent_covered": 100.0, "percent_covered_display": "100", "missing_lines": 0, "excluded_lines": 0, "percent_statements_covered": 100.0, "percent_statements_covered_display": "100"}, "missing_lines": [], "excluded_lines": [], "start_line": 1}}}, "src\\anythink\\bookmarks\\manager.py": {"executed_lines": [3, 5, 6, 7, 9, 15, 22, 23, 27, 33, 34, 35, 36, 37, 38, 39, 40, 42, 44, 45, 46, 47, 48, 50, 55, 56, 57, 58, 59, 63, 65, 66, 67, 69, 71, 72, 73, 74, 76, 77, 79, 80, 82, 83, 87, 94, 95, 96, 97, 98, 99, 100, 101, 102, 103, 104, 105, 106, 107, 109, 110, 120, 121, 122, 123, 124, 125, 126, 127], "summary": {"covered_lines": 69, "num_statements": 69, "percent_covered": 100.0, "percent_covered_display": "100", "missing_lines": 0, "excluded_lines": 2, "percent_statements_covered": 100.0, "percent_statements_covered_display": "100"}, "missing_lines": [], "excluded_lines": [11, 12], "functions": {"BookmarkManager.__init__": {"executed_lines": [23], "summary": {"covered_lines": 1, "num_statements": 1, "percent_covered": 100.0, "percent_covered_display": "100", "missing_lines": 0, "excluded_lines": 0, "percent_statements_covered": 100.0, "percent_statements_covered_display": "100"}, "missing_lines": [], "excluded_lines": [], "start_line": 22}, "BookmarkManager.add": {"executed_lines": [33, 34, 35, 36, 37, 38, 39, 40], "summary": {"covered_lines": 8, "num_statements": 8, "percent_covered": 100.0, "percent_covered_display": "100", "missing_lines": 0, "excluded_lines": 0, "percent_statements_covered": 100.0, "percent_statements_covered_display": "100"}, "missing_lines": [], "excluded_lines": [], "start_line": 27}, "BookmarkManager.remove_by_turn": {"executed_lines": [44, 45, 46, 47, 48], "summary": {"covered_lines": 5, "num_statements": 5, "percent_covered": 100.0, "percent_covered_display": "100", "missing_lines": 0, "excluded_lines": 0, "percent_statements_covered": 100.0, "percent_statements_covered_display": "100"}, "missing_lines": [], "excluded_lines": [], "start_line": 42}, "BookmarkManager.set_label": {"executed_lines": [55, 56, 57, 58, 59], "summary": {"covered_lines": 5, "num_statements": 5, "percent_covered": 100.0, "percent_covered_display": "100", "missing_lines": 0, "excluded_lines": 0, "percent_statements_covered": 100.0, "percent_statements_covered_display": "100"}, "missing_lines": [], "excluded_lines": [], "start_line": 50}, "BookmarkManager.get_by_position": {"executed_lines": [65, 66, 67], "summary": {"covered_lines": 3, "num_statements": 3, "percent_covered": 100.0, "percent_covered_display": "100", "missing_lines": 0, "excluded_lines": 0, "percent_statements_covered": 100.0, "percent_statements_covered_display": "100"}, "missing_lines": [], "excluded_lines": [], "start_line": 63}, "BookmarkManager.get_by_turn": {"executed_lines": [71, 72, 73, 74], "summary": {"covered_lines": 4, "num_statements": 4, "percent_covered": 100.0, "percent_covered_display": "100", "missing_lines": 0, "excluded_lines": 0, "percent_statements_covered": 100.0, "percent_statements_covered_display": "100"}, "missing_lines": [], "excluded_lines": [], "start_line": 69}, "BookmarkManager.is_bookmarked": {"executed_lines": [77], "summary": {"covered_lines": 1, "num_statements": 1, "percent_covered": 100.0, "percent_covered_display": "100", "missing_lines": 0, "excluded_lines": 0, "percent_statements_covered": 100.0, "percent_statements_covered_display": "100"}, "missing_lines": [], "excluded_lines": [], "start_line": 76}, "BookmarkManager.list_all": {"executed_lines": [80], "summary": {"covered_lines": 1, "num_statements": 1, "percent_covered": 100.0, "percent_covered_display": "100", "missing_lines": 0, "excluded_lines": 0, "percent_statements_covered": 100.0, "percent_statements_covered_display": "100"}, "missing_lines": [], "excluded_lines": [], "start_line": 79}, "BookmarkManager.count": {"executed_lines": [83], "summary": {"covered_lines": 1, "num_statements": 1, "percent_covered": 100.0, "percent_covered_display": "100", "missing_lines": 0, "excluded_lines": 0, "percent_statements_covered": 100.0, "percent_statements_covered_display": "100"}, "missing_lines": [], "excluded_lines": [], "start_line": 82}, "BookmarkManager.export_text": {"executed_lines": [94, 95, 96, 97, 98, 99, 100, 101, 102, 103, 104, 105, 106, 107], "summary": {"covered_lines": 14, "num_statements": 14, "percent_covered": 100.0, "percent_covered_display": "100", "missing_lines": 0, "excluded_lines": 0, "percent_statements_covered": 100.0, "percent_statements_covered_display": "100"}, "missing_lines": [], "excluded_lines": [], "start_line": 87}, "BookmarkManager.search_sessions": {"executed_lines": [120, 121, 122, 123, 124, 125, 126, 127], "summary": {"covered_lines": 8, "num_statements": 8, "percent_covered": 100.0, "percent_covered_display": "100", "missing_lines": 0, "excluded_lines": 0, "percent_statements_covered": 100.0, "percent_statements_covered_display": "100"}, "missing_lines": [], "excluded_lines": [], "start_line": 110}, "": {"executed_lines": [3, 5, 6, 7, 9, 15, 22, 27, 42, 50, 63, 69, 76, 79, 82, 87, 109, 110], "summary": {"covered_lines": 18, "num_statements": 18, "percent_covered": 100.0, "percent_covered_display": "100", "missing_lines": 0, "excluded_lines": 2, "percent_statements_covered": 100.0, "percent_statements_covered_display": "100"}, "missing_lines": [], "excluded_lines": [11, 12], "start_line": 1}}, "classes": {"BookmarkManager": {"executed_lines": [23, 33, 34, 35, 36, 37, 38, 39, 40, 44, 45, 46, 47, 48, 55, 56, 57, 58, 59, 65, 66, 67, 71, 72, 73, 74, 77, 80, 83, 94, 95, 96, 97, 98, 99, 100, 101, 102, 103, 104, 105, 106, 107, 120, 121, 122, 123, 124, 125, 126, 127], "summary": {"covered_lines": 51, "num_statements": 51, "percent_covered": 100.0, "percent_covered_display": "100", "missing_lines": 0, "excluded_lines": 0, "percent_statements_covered": 100.0, "percent_statements_covered_display": "100"}, "missing_lines": [], "excluded_lines": [], "start_line": 15}, "": {"executed_lines": [3, 5, 6, 7, 9, 15, 22, 27, 42, 50, 63, 69, 76, 79, 82, 87, 109, 110], "summary": {"covered_lines": 18, "num_statements": 18, "percent_covered": 100.0, "percent_covered_display": "100", "missing_lines": 0, "excluded_lines": 2, "percent_statements_covered": 100.0, "percent_statements_covered_display": "100"}, "missing_lines": [], "excluded_lines": [11, 12], "start_line": 1}}}, "src\\anythink\\bookmarks\\models.py": {"executed_lines": [3, 5, 6, 7, 10, 11, 19, 20, 21, 23, 24, 30, 31, 32, 33], "summary": {"covered_lines": 15, "num_statements": 15, "percent_covered": 100.0, "percent_covered_display": "100", "missing_lines": 0, "excluded_lines": 0, "percent_statements_covered": 100.0, "percent_statements_covered_display": "100"}, "missing_lines": [], "excluded_lines": [], "functions": {"Bookmark.to_dict": {"executed_lines": [24], "summary": {"covered_lines": 1, "num_statements": 1, "percent_covered": 100.0, "percent_covered_display": "100", "missing_lines": 0, "excluded_lines": 0, "percent_statements_covered": 100.0, "percent_statements_covered_display": "100"}, "missing_lines": [], "excluded_lines": [], "start_line": 23}, "Bookmark.from_dict": {"executed_lines": [32, 33], "summary": {"covered_lines": 2, "num_statements": 2, "percent_covered": 100.0, "percent_covered_display": "100", "missing_lines": 0, "excluded_lines": 0, "percent_statements_covered": 100.0, "percent_statements_covered_display": "100"}, "missing_lines": [], "excluded_lines": [], "start_line": 31}, "": {"executed_lines": [3, 5, 6, 7, 10, 11, 19, 20, 21, 23, 30, 31], "summary": {"covered_lines": 12, "num_statements": 12, "percent_covered": 100.0, "percent_covered_display": "100", "missing_lines": 0, "excluded_lines": 0, "percent_statements_covered": 100.0, "percent_statements_covered_display": "100"}, "missing_lines": [], "excluded_lines": [], "start_line": 1}}, "classes": {"Bookmark": {"executed_lines": [24, 32, 33], "summary": {"covered_lines": 3, "num_statements": 3, "percent_covered": 100.0, "percent_covered_display": "100", "missing_lines": 0, "excluded_lines": 0, "percent_statements_covered": 100.0, "percent_statements_covered_display": "100"}, "missing_lines": [], "excluded_lines": [], "start_line": 11}, "": {"executed_lines": [3, 5, 6, 7, 10, 11, 19, 20, 21, 23, 30, 31], "summary": {"covered_lines": 12, "num_statements": 12, "percent_covered": 100.0, "percent_covered_display": "100", "missing_lines": 0, "excluded_lines": 0, "percent_statements_covered": 100.0, "percent_statements_covered_display": "100"}, "missing_lines": [], "excluded_lines": [], "start_line": 1}}}, "src\\anythink\\branch\\__init__.py": {"executed_lines": [], "summary": {"covered_lines": 0, "num_statements": 0, "percent_covered": 100.0, "percent_covered_display": "100", "missing_lines": 0, "excluded_lines": 0, "percent_statements_covered": 100.0, "percent_statements_covered_display": "100"}, "missing_lines": [], "excluded_lines": [], "functions": {"": {"executed_lines": [], "summary": {"covered_lines": 0, "num_statements": 0, "percent_covered": 100.0, "percent_covered_display": "100", "missing_lines": 0, "excluded_lines": 0, "percent_statements_covered": 100.0, "percent_statements_covered_display": "100"}, "missing_lines": [], "excluded_lines": [], "start_line": 1}}, "classes": {"": {"executed_lines": [], "summary": {"covered_lines": 0, "num_statements": 0, "percent_covered": 100.0, "percent_covered_display": "100", "missing_lines": 0, "excluded_lines": 0, "percent_statements_covered": 100.0, "percent_statements_covered_display": "100"}, "missing_lines": [], "excluded_lines": [], "start_line": 1}}}, "src\\anythink\\branch\\manager.py": {"executed_lines": [3, 5, 11, 14, 23, 24, 25, 29, 35, 36, 37, 39, 40, 41, 42, 43, 45, 46, 48, 50, 51, 52, 53, 55, 57, 58, 59, 60, 61, 70, 72, 73, 77, 79, 80, 85, 87, 89, 90, 93, 94, 95, 97], "summary": {"covered_lines": 43, "num_statements": 47, "percent_covered": 91.48936170212765, "percent_covered_display": "91", "missing_lines": 4, "excluded_lines": 2, "percent_statements_covered": 91.48936170212765, "percent_statements_covered_display": "91"}, "missing_lines": [81, 82, 83, 98], "excluded_lines": [7, 8], "functions": {"BranchManager.__init__": {"executed_lines": [24, 25], "summary": {"covered_lines": 2, "num_statements": 2, "percent_covered": 100.0, "percent_covered_display": "100", "missing_lines": 0, "excluded_lines": 0, "percent_statements_covered": 100.0, "percent_statements_covered_display": "100"}, "missing_lines": [], "excluded_lines": [], "start_line": 23}, "BranchManager.create_branch": {"executed_lines": [35, 36, 37, 39, 40, 41, 42, 43, 45, 46], "summary": {"covered_lines": 10, "num_statements": 10, "percent_covered": 100.0, "percent_covered_display": "100", "missing_lines": 0, "excluded_lines": 0, "percent_statements_covered": 100.0, "percent_statements_covered_display": "100"}, "missing_lines": [], "excluded_lines": [], "start_line": 29}, "BranchManager.switch_to": {"executed_lines": [50, 51, 52, 53], "summary": {"covered_lines": 4, "num_statements": 4, "percent_covered": 100.0, "percent_covered_display": "100", "missing_lines": 0, "excluded_lines": 0, "percent_statements_covered": 100.0, "percent_statements_covered_display": "100"}, "missing_lines": [], "excluded_lines": [], "start_line": 48}, "BranchManager.list_branches": {"executed_lines": [57, 58, 59, 60, 61, 70], "summary": {"covered_lines": 6, "num_statements": 6, "percent_covered": 100.0, "percent_covered_display": "100", "missing_lines": 0, "excluded_lines": 0, "percent_statements_covered": 100.0, "percent_statements_covered_display": "100"}, "missing_lines": [], "excluded_lines": [], "start_line": 55}, "BranchManager.branch_names": {"executed_lines": [73], "summary": {"covered_lines": 1, "num_statements": 1, "percent_covered": 100.0, "percent_covered_display": "100", "missing_lines": 0, "excluded_lines": 0, "percent_statements_covered": 100.0, "percent_statements_covered_display": "100"}, "missing_lines": [], "excluded_lines": [], "start_line": 72}, "BranchManager._ensure_main": {"executed_lines": [79, 80], "summary": {"covered_lines": 2, "num_statements": 5, "percent_covered": 40.0, "percent_covered_display": "40", "missing_lines": 3, "excluded_lines": 0, "percent_statements_covered": 40.0, "percent_statements_covered_display": "40"}, "missing_lines": [81, 82, 83], "excluded_lines": [], "start_line": 77}, "BranchManager._switch_to": {"executed_lines": [87, 89, 90, 93, 94, 95, 97], "summary": {"covered_lines": 7, "num_statements": 8, "percent_covered": 87.5, "percent_covered_display": "88", "missing_lines": 1, "excluded_lines": 0, "percent_statements_covered": 87.5, "percent_statements_covered_display": "88"}, "missing_lines": [98], "excluded_lines": [], "start_line": 85}, "": {"executed_lines": [3, 5, 11, 14, 23, 29, 48, 55, 72, 77, 85], "summary": {"covered_lines": 11, "num_statements": 11, "percent_covered": 100.0, "percent_covered_display": "100", "missing_lines": 0, "excluded_lines": 2, "percent_statements_covered": 100.0, "percent_statements_covered_display": "100"}, "missing_lines": [], "excluded_lines": [7, 8], "start_line": 1}}, "classes": {"BranchManager": {"executed_lines": [24, 25, 35, 36, 37, 39, 40, 41, 42, 43, 45, 46, 50, 51, 52, 53, 57, 58, 59, 60, 61, 70, 73, 79, 80, 87, 89, 90, 93, 94, 95, 97], "summary": {"covered_lines": 32, "num_statements": 36, "percent_covered": 88.88888888888889, "percent_covered_display": "89", "missing_lines": 4, "excluded_lines": 0, "percent_statements_covered": 88.88888888888889, "percent_statements_covered_display": "89"}, "missing_lines": [81, 82, 83, 98], "excluded_lines": [], "start_line": 14}, "": {"executed_lines": [3, 5, 11, 14, 23, 29, 48, 55, 72, 77, 85], "summary": {"covered_lines": 11, "num_statements": 11, "percent_covered": 100.0, "percent_covered_display": "100", "missing_lines": 0, "excluded_lines": 2, "percent_statements_covered": 100.0, "percent_statements_covered_display": "100"}, "missing_lines": [], "excluded_lines": [7, 8], "start_line": 1}}}, "src\\anythink\\branch\\models.py": {"executed_lines": [3, 5, 6, 7, 9, 10, 13, 14, 22, 23, 24, 25, 26, 28, 29, 31, 39, 40, 41, 43, 44], "summary": {"covered_lines": 21, "num_statements": 21, "percent_covered": 100.0, "percent_covered_display": "100", "missing_lines": 0, "excluded_lines": 0, "percent_statements_covered": 100.0, "percent_statements_covered_display": "100"}, "missing_lines": [], "excluded_lines": [], "functions": {"BranchInfo.to_dict": {"executed_lines": [29, 31], "summary": {"covered_lines": 2, "num_statements": 2, "percent_covered": 100.0, "percent_covered_display": "100", "missing_lines": 0, "excluded_lines": 0, "percent_statements_covered": 100.0, "percent_statements_covered_display": "100"}, "missing_lines": [], "excluded_lines": [], "start_line": 28}, "BranchInfo.from_dict": {"executed_lines": [41, 43, 44], "summary": {"covered_lines": 3, "num_statements": 3, "percent_covered": 100.0, "percent_covered_display": "100", "missing_lines": 0, "excluded_lines": 0, "percent_statements_covered": 100.0, "percent_statements_covered_display": "100"}, "missing_lines": [], "excluded_lines": [], "start_line": 40}, "": {"executed_lines": [3, 5, 6, 7, 9, 10, 13, 14, 22, 23, 24, 25, 26, 28, 39, 40], "summary": {"covered_lines": 16, "num_statements": 16, "percent_covered": 100.0, "percent_covered_display": "100", "missing_lines": 0, "excluded_lines": 0, "percent_statements_covered": 100.0, "percent_statements_covered_display": "100"}, "missing_lines": [], "excluded_lines": [], "start_line": 1}}, "classes": {"BranchInfo": {"executed_lines": [29, 31, 41, 43, 44], "summary": {"covered_lines": 5, "num_statements": 5, "percent_covered": 100.0, "percent_covered_display": "100", "missing_lines": 0, "excluded_lines": 0, "percent_statements_covered": 100.0, "percent_statements_covered_display": "100"}, "missing_lines": [], "excluded_lines": [], "start_line": 14}, "": {"executed_lines": [3, 5, 6, 7, 9, 10, 13, 14, 22, 23, 24, 25, 26, 28, 39, 40], "summary": {"covered_lines": 16, "num_statements": 16, "percent_covered": 100.0, "percent_covered_display": "100", "missing_lines": 0, "excluded_lines": 0, "percent_statements_covered": 100.0, "percent_statements_covered_display": "100"}, "missing_lines": [], "excluded_lines": [], "start_line": 1}}}, "src\\anythink\\browse\\__init__.py": {"executed_lines": [], "summary": {"covered_lines": 0, "num_statements": 0, "percent_covered": 100.0, "percent_covered_display": "100", "missing_lines": 0, "excluded_lines": 0, "percent_statements_covered": 100.0, "percent_statements_covered_display": "100"}, "missing_lines": [], "excluded_lines": [], "functions": {"": {"executed_lines": [], "summary": {"covered_lines": 0, "num_statements": 0, "percent_covered": 100.0, "percent_covered_display": "100", "missing_lines": 0, "excluded_lines": 0, "percent_statements_covered": 100.0, "percent_statements_covered_display": "100"}, "missing_lines": [], "excluded_lines": [], "start_line": 1}}, "classes": {"": {"executed_lines": [], "summary": {"covered_lines": 0, "num_statements": 0, "percent_covered": 100.0, "percent_covered_display": "100", "missing_lines": 0, "excluded_lines": 0, "percent_statements_covered": 100.0, "percent_statements_covered_display": "100"}, "missing_lines": [], "excluded_lines": [], "start_line": 1}}}, "src\\anythink\\browse\\fetch.py": {"executed_lines": [3, 5, 6, 7, 9, 10, 15, 18, 49, 52, 53, 54, 55, 58, 59, 60, 61, 64, 65, 66, 67, 69, 70, 73, 74, 75, 76, 78, 79, 80, 81, 82, 83, 85, 88, 89, 90, 91, 92, 93, 94, 97, 100, 101, 102, 103, 106, 107, 109, 110, 112, 113, 116, 140, 142, 143, 144, 145, 161, 164, 172, 173, 174, 175, 177, 183, 184, 190, 191, 192, 198, 199, 201, 203, 204, 208, 211, 212, 214, 215, 217, 218, 219, 221, 222, 223, 225, 232, 234, 235, 236, 237, 238, 244, 250, 251, 252, 260, 261, 267, 268, 274], "summary": {"covered_lines": 102, "num_statements": 128, "percent_covered": 79.6875, "percent_covered_display": "80", "missing_lines": 26, "excluded_lines": 2, "percent_statements_covered": 79.6875, "percent_statements_covered_display": "80"}, "missing_lines": [118, 119, 120, 121, 126, 127, 128, 129, 130, 131, 132, 134, 135, 136, 137, 150, 151, 152, 153, 154, 155, 157, 158, 205, 253, 254], "excluded_lines": [12, 13], "functions": {"_extract_tables": {"executed_lines": [52, 88, 89, 90, 91, 92, 93, 94], "summary": {"covered_lines": 8, "num_statements": 8, "percent_covered": 100.0, "percent_covered_display": "100", "missing_lines": 0, "excluded_lines": 0, "percent_statements_covered": 100.0, "percent_statements_covered_display": "100"}, "missing_lines": [], "excluded_lines": [], "start_line": 49}, "_extract_tables._process_table": {"executed_lines": [53, 54, 55, 58, 59, 60, 61, 64, 65, 66, 67, 69, 70, 73, 74, 75, 76, 78, 79, 80, 81, 82, 83, 85], "summary": {"covered_lines": 24, "num_statements": 24, "percent_covered": 100.0, "percent_covered_display": "100", "missing_lines": 0, "excluded_lines": 0, "percent_statements_covered": 100.0, "percent_statements_covered_display": "100"}, "missing_lines": [], "excluded_lines": [], "start_line": 52}, "_strip_html": {"executed_lines": [100, 101, 102, 103, 106, 107, 109, 110, 112, 113], "summary": {"covered_lines": 10, "num_statements": 10, "percent_covered": 100.0, "percent_covered_display": "100", "missing_lines": 0, "excluded_lines": 0, "percent_statements_covered": 100.0, "percent_statements_covered_display": "100"}, "missing_lines": [], "excluded_lines": [], "start_line": 97}, "_http_get": {"executed_lines": [], "summary": {"covered_lines": 0, "num_statements": 15, "percent_covered": 0.0, "percent_covered_display": "0", "missing_lines": 15, "excluded_lines": 0, "percent_statements_covered": 0.0, "percent_statements_covered_display": "0"}, "missing_lines": [118, 119, 120, 121, 126, 127, 128, 129, 130, 131, 132, 134, 135, 136, 137], "excluded_lines": [], "start_line": 116}, "_headless_get": {"executed_lines": [142, 143, 144, 145], "summary": {"covered_lines": 4, "num_statements": 12, "percent_covered": 33.333333333333336, "percent_covered_display": "33", "missing_lines": 8, "excluded_lines": 0, "percent_statements_covered": 33.333333333333336, "percent_statements_covered_display": "33"}, "missing_lines": [150, 151, 152, 153, 154, 155, 157, 158], "excluded_lines": [], "start_line": 140}, "BrowseFetcher.__init__": {"executed_lines": [172, 173, 174, 175], "summary": {"covered_lines": 4, "num_statements": 4, "percent_covered": 100.0, "percent_covered_display": "100", "missing_lines": 0, "excluded_lines": 0, "percent_statements_covered": 100.0, "percent_statements_covered_display": "100"}, "missing_lines": [], "excluded_lines": [], "start_line": 164}, "BrowseFetcher.fetch_snippets": {"executed_lines": [183, 184, 190, 191, 192, 198, 199], "summary": {"covered_lines": 7, "num_statements": 7, "percent_covered": 100.0, "percent_covered_display": "100", "missing_lines": 0, "excluded_lines": 0, "percent_statements_covered": 100.0, "percent_statements_covered_display": "100"}, "missing_lines": [], "excluded_lines": [], "start_line": 177}, "BrowseFetcher.fetch_page": {"executed_lines": [203, 204], "summary": {"covered_lines": 2, "num_statements": 3, "percent_covered": 66.66666666666667, "percent_covered_display": "67", "missing_lines": 1, "excluded_lines": 0, "percent_statements_covered": 66.66666666666667, "percent_statements_covered_display": "67"}, "missing_lines": [205], "excluded_lines": [], "start_line": 201}, "BrowseTool.__init__": {"executed_lines": [215], "summary": {"covered_lines": 1, "num_statements": 1, "percent_covered": 100.0, "percent_covered_display": "100", "missing_lines": 0, "excluded_lines": 0, "percent_statements_covered": 100.0, "percent_statements_covered_display": "100"}, "missing_lines": [], "excluded_lines": [], "start_line": 214}, "BrowseTool.is_available": {"executed_lines": [218, 219, 221, 222, 223], "summary": {"covered_lines": 5, "num_statements": 5, "percent_covered": 100.0, "percent_covered_display": "100", "missing_lines": 0, "excluded_lines": 0, "percent_statements_covered": 100.0, "percent_statements_covered_display": "100"}, "missing_lines": [], "excluded_lines": [], "start_line": 217}, "BrowseTool.run": {"executed_lines": [232, 234, 235, 236, 237, 238, 244, 250, 251, 252, 260, 261, 267, 268, 274], "summary": {"covered_lines": 15, "num_statements": 17, "percent_covered": 88.23529411764706, "percent_covered_display": "88", "missing_lines": 2, "excluded_lines": 0, "percent_statements_covered": 88.23529411764706, "percent_statements_covered_display": "88"}, "missing_lines": [253, 254], "excluded_lines": [], "start_line": 225}, "": {"executed_lines": [3, 5, 6, 7, 9, 10, 15, 18, 49, 97, 116, 140, 161, 164, 177, 201, 208, 211, 212, 214, 217, 225], "summary": {"covered_lines": 22, "num_statements": 22, "percent_covered": 100.0, "percent_covered_display": "100", "missing_lines": 0, "excluded_lines": 2, "percent_statements_covered": 100.0, "percent_statements_covered_display": "100"}, "missing_lines": [], "excluded_lines": [12, 13], "start_line": 1}}, "classes": {"BrowseFetcher": {"executed_lines": [172, 173, 174, 175, 183, 184, 190, 191, 192, 198, 199, 203, 204], "summary": {"covered_lines": 13, "num_statements": 14, "percent_covered": 92.85714285714286, "percent_covered_display": "93", "missing_lines": 1, "excluded_lines": 0, "percent_statements_covered": 92.85714285714286, "percent_statements_covered_display": "93"}, "missing_lines": [205], "excluded_lines": [], "start_line": 161}, "BrowseTool": {"executed_lines": [215, 218, 219, 221, 222, 223, 232, 234, 235, 236, 237, 238, 244, 250, 251, 252, 260, 261, 267, 268, 274], "summary": {"covered_lines": 21, "num_statements": 23, "percent_covered": 91.30434782608695, "percent_covered_display": "91", "missing_lines": 2, "excluded_lines": 0, "percent_statements_covered": 91.30434782608695, "percent_statements_covered_display": "91"}, "missing_lines": [253, 254], "excluded_lines": [], "start_line": 208}, "": {"executed_lines": [3, 5, 6, 7, 9, 10, 15, 18, 49, 52, 53, 54, 55, 58, 59, 60, 61, 64, 65, 66, 67, 69, 70, 73, 74, 75, 76, 78, 79, 80, 81, 82, 83, 85, 88, 89, 90, 91, 92, 93, 94, 97, 100, 101, 102, 103, 106, 107, 109, 110, 112, 113, 116, 140, 142, 143, 144, 145, 161, 164, 177, 201, 208, 211, 212, 214, 217, 225], "summary": {"covered_lines": 68, "num_statements": 91, "percent_covered": 74.72527472527473, "percent_covered_display": "75", "missing_lines": 23, "excluded_lines": 2, "percent_statements_covered": 74.72527472527473, "percent_statements_covered_display": "75"}, "missing_lines": [118, 119, 120, 121, 126, 127, 128, 129, 130, 131, 132, 134, 135, 136, 137, 150, 151, 152, 153, 154, 155, 157, 158], "excluded_lines": [12, 13], "start_line": 1}}}, "src\\anythink\\cli.py": {"executed_lines": [3, 5, 6, 8, 10, 11, 12, 13, 14, 16, 23, 24, 25, 27, 28, 29, 32, 33, 34, 35, 38, 39, 75, 76, 78, 79, 80, 81, 83, 84, 86, 87, 88, 91, 92, 94, 96, 97, 98, 99, 100, 102, 103, 105, 106, 107, 109, 112, 113, 245, 246, 248, 250, 251, 252, 253, 254, 255, 256, 257, 377, 378, 380, 382, 383, 384, 385, 386, 387, 388, 389, 390, 391, 392, 397, 398, 400, 402, 404, 405, 406, 410, 413, 414, 415, 416, 417, 418, 419, 421, 423, 432, 464, 465, 467, 469, 470, 471, 472, 473, 474, 475, 476, 534, 535, 558, 560, 561, 563, 564, 565, 566, 568, 569, 570, 571, 573, 575, 576, 578, 579, 580, 582, 584, 585, 586, 593, 594, 596, 598, 599, 600, 601, 603, 604, 606, 607, 608, 609, 610, 611, 612, 613, 614, 616, 617, 618, 619, 623, 624, 630, 631, 634, 635, 646, 648, 649, 650, 651, 687, 688, 690, 691, 695, 696, 697, 698, 699, 701, 702, 703, 704, 705, 706, 707], "summary": {"covered_lines": 175, "num_statements": 270, "percent_covered": 64.81481481481481, "percent_covered_display": "65", "missing_lines": 95, "excluded_lines": 204, "percent_statements_covered": 64.81481481481481, "percent_statements_covered_display": "65"}, "missing_lines": [85, 116, 117, 118, 119, 120, 121, 122, 125, 126, 128, 129, 130, 131, 132, 134, 135, 136, 137, 138, 139, 140, 141, 142, 143, 144, 145, 146, 148, 150, 151, 152, 153, 154, 156, 159, 164, 165, 167, 168, 169, 170, 172, 173, 174, 175, 176, 178, 179, 180, 181, 182, 184, 185, 186, 187, 188, 190, 191, 192, 194, 195, 196, 198, 199, 201, 202, 203, 204, 205, 214, 217, 218, 219, 220, 221, 222, 224, 226, 227, 234, 235, 236, 237, 238, 239, 587, 615, 621, 625, 653, 654, 655, 692, 693], "excluded_lines": [149, 166, 260, 261, 262, 263, 264, 265, 266, 267, 268, 269, 270, 271, 272, 273, 274, 275, 276, 277, 278, 281, 282, 283, 284, 285, 286, 287, 288, 289, 290, 291, 292, 293, 294, 295, 296, 297, 300, 301, 302, 303, 304, 305, 306, 307, 308, 309, 310, 311, 312, 313, 314, 315, 316, 317, 318, 319, 320, 321, 324, 325, 326, 327, 328, 329, 330, 331, 332, 333, 334, 335, 336, 337, 338, 339, 340, 341, 342, 345, 346, 347, 348, 349, 350, 351, 352, 353, 354, 355, 356, 357, 358, 359, 360, 361, 362, 363, 364, 365, 366, 367, 368, 369, 370, 371, 412, 435, 436, 437, 438, 439, 440, 441, 442, 443, 444, 445, 446, 447, 448, 449, 450, 451, 452, 453, 454, 455, 456, 457, 458, 479, 480, 481, 482, 483, 484, 485, 486, 487, 488, 489, 490, 491, 492, 493, 494, 495, 498, 499, 500, 501, 502, 503, 504, 505, 506, 507, 508, 509, 510, 511, 512, 515, 516, 517, 518, 519, 520, 521, 522, 523, 524, 525, 526, 527, 528, 658, 659, 660, 661, 662, 663, 664, 665, 666, 667, 668, 669, 670, 671, 672, 673, 674, 675, 676, 677, 678, 679, 680, 681, 682, 683, 684], "functions": {"_version_callback": {"executed_lines": [33, 34, 35], "summary": {"covered_lines": 3, "num_statements": 3, "percent_covered": 100.0, "percent_covered_display": "100", "missing_lines": 0, "excluded_lines": 0, "percent_statements_covered": 100.0, "percent_statements_covered_display": "100"}, "missing_lines": [], "excluded_lines": [], "start_line": 32}, "main": {"executed_lines": [75, 76, 78, 79, 80, 81, 83, 84, 86, 87, 88], "summary": {"covered_lines": 11, "num_statements": 12, "percent_covered": 91.66666666666667, "percent_covered_display": "92", "missing_lines": 1, "excluded_lines": 0, "percent_statements_covered": 91.66666666666667, "percent_statements_covered_display": "92"}, "missing_lines": [85], "excluded_lines": [], "start_line": 39}, "setup_wizard": {"executed_lines": [94, 96, 97, 98, 99, 100, 102, 103, 105, 106, 107, 109, 112, 113], "summary": {"covered_lines": 14, "num_statements": 99, "percent_covered": 14.141414141414142, "percent_covered_display": "14", "missing_lines": 85, "excluded_lines": 2, "percent_statements_covered": 14.141414141414142, "percent_statements_covered_display": "14"}, "missing_lines": [116, 117, 118, 119, 120, 121, 122, 125, 126, 128, 129, 130, 131, 132, 134, 135, 136, 137, 138, 139, 140, 141, 142, 143, 144, 145, 146, 148, 150, 151, 152, 153, 154, 156, 159, 164, 165, 167, 168, 169, 170, 172, 173, 174, 175, 176, 178, 179, 180, 181, 182, 184, 185, 186, 187, 188, 190, 191, 192, 194, 195, 196, 198, 199, 201, 202, 203, 204, 205, 214, 217, 218, 219, 220, 221, 222, 224, 226, 227, 234, 235, 236, 237, 238, 239], "excluded_lines": [149, 166], "start_line": 92}, "keys_list": {"executed_lines": [248, 250, 251, 252, 253, 254, 255, 256, 257], "summary": {"covered_lines": 9, "num_statements": 9, "percent_covered": 100.0, "percent_covered_display": "100", "missing_lines": 0, "excluded_lines": 0, "percent_statements_covered": 100.0, "percent_statements_covered_display": "100"}, "missing_lines": [], "excluded_lines": [], "start_line": 246}, "keys_add": {"executed_lines": [], "summary": {"covered_lines": 0, "num_statements": 0, "percent_covered": 100.0, "percent_covered_display": "100", "missing_lines": 0, "excluded_lines": 15, "percent_statements_covered": 100.0, "percent_statements_covered_display": "100"}, "missing_lines": [], "excluded_lines": [264, 265, 266, 267, 268, 269, 270, 271, 272, 273, 274, 275, 276, 277, 278], "start_line": 261}, "keys_show": {"executed_lines": [], "summary": {"covered_lines": 0, "num_statements": 0, "percent_covered": 100.0, "percent_covered_display": "100", "missing_lines": 0, "excluded_lines": 15, "percent_statements_covered": 100.0, "percent_statements_covered_display": "100"}, "missing_lines": [], "excluded_lines": [283, 284, 285, 286, 287, 288, 289, 290, 291, 292, 293, 294, 295, 296, 297], "start_line": 282}, "keys_update": {"executed_lines": [], "summary": {"covered_lines": 0, "num_statements": 0, "percent_covered": 100.0, "percent_covered_display": "100", "missing_lines": 0, "excluded_lines": 20, "percent_statements_covered": 100.0, "percent_statements_covered_display": "100"}, "missing_lines": [], "excluded_lines": [302, 303, 304, 305, 306, 307, 308, 309, 310, 311, 312, 313, 314, 315, 316, 317, 318, 319, 320, 321], "start_line": 301}, "keys_delete": {"executed_lines": [], "summary": {"covered_lines": 0, "num_statements": 0, "percent_covered": 100.0, "percent_covered_display": "100", "missing_lines": 0, "excluded_lines": 14, "percent_statements_covered": 100.0, "percent_statements_covered_display": "100"}, "missing_lines": [], "excluded_lines": [329, 330, 331, 332, 333, 334, 335, 336, 337, 338, 339, 340, 341, 342], "start_line": 325}, "keys_test": {"executed_lines": [], "summary": {"covered_lines": 0, "num_statements": 0, "percent_covered": 100.0, "percent_covered_display": "100", "missing_lines": 0, "excluded_lines": 25, "percent_statements_covered": 100.0, "percent_statements_covered_display": "100"}, "missing_lines": [], "excluded_lines": [347, 348, 349, 350, 351, 352, 353, 354, 355, 356, 357, 358, 359, 360, 361, 362, 363, 364, 365, 366, 367, 368, 369, 370, 371], "start_line": 346}, "model_list": {"executed_lines": [380, 382, 383, 384, 385, 386, 387, 388, 389, 390, 391, 392], "summary": {"covered_lines": 12, "num_statements": 12, "percent_covered": 100.0, "percent_covered_display": "100", "missing_lines": 0, "excluded_lines": 0, "percent_statements_covered": 100.0, "percent_statements_covered_display": "100"}, "missing_lines": [], "excluded_lines": [], "start_line": 378}, "model_add": {"executed_lines": [400, 402, 404, 405, 406, 410, 413, 414, 415, 416, 417, 418, 419, 421, 423, 432], "summary": {"covered_lines": 16, "num_statements": 16, "percent_covered": 100.0, "percent_covered_display": "100", "missing_lines": 0, "excluded_lines": 1, "percent_statements_covered": 100.0, "percent_statements_covered_display": "100"}, "missing_lines": [], "excluded_lines": [412], "start_line": 398}, "model_remove": {"executed_lines": [], "summary": {"covered_lines": 0, "num_statements": 0, "percent_covered": 100.0, "percent_covered_display": "100", "missing_lines": 0, "excluded_lines": 19, "percent_statements_covered": 100.0, "percent_statements_covered_display": "100"}, "missing_lines": [], "excluded_lines": [440, 441, 442, 443, 444, 445, 446, 447, 448, 449, 450, 451, 452, 453, 454, 455, 456, 457, 458], "start_line": 436}, "plugins_list": {"executed_lines": [467, 469, 470, 471, 472, 473, 474, 475, 476], "summary": {"covered_lines": 9, "num_statements": 9, "percent_covered": 100.0, "percent_covered_display": "100", "missing_lines": 0, "excluded_lines": 0, "percent_statements_covered": 100.0, "percent_statements_covered_display": "100"}, "missing_lines": [], "excluded_lines": [], "start_line": 465}, "plugins_info": {"executed_lines": [], "summary": {"covered_lines": 0, "num_statements": 0, "percent_covered": 100.0, "percent_covered_display": "100", "missing_lines": 0, "excluded_lines": 15, "percent_statements_covered": 100.0, "percent_statements_covered_display": "100"}, "missing_lines": [], "excluded_lines": [481, 482, 483, 484, 485, 486, 487, 488, 489, 490, 491, 492, 493, 494, 495], "start_line": 480}, "plugins_install": {"executed_lines": [], "summary": {"covered_lines": 0, "num_statements": 0, "percent_covered": 100.0, "percent_covered_display": "100", "missing_lines": 0, "excluded_lines": 11, "percent_statements_covered": 100.0, "percent_statements_covered_display": "100"}, "missing_lines": [], "excluded_lines": [502, 503, 504, 505, 506, 507, 508, 509, 510, 511, 512], "start_line": 499}, "plugins_remove": {"executed_lines": [], "summary": {"covered_lines": 0, "num_statements": 0, "percent_covered": 100.0, "percent_covered_display": "100", "missing_lines": 0, "excluded_lines": 10, "percent_statements_covered": 100.0, "percent_statements_covered_display": "100"}, "missing_lines": [], "excluded_lines": [519, 520, 521, 522, 523, 524, 525, 526, 527, 528], "start_line": 516}, "batch_run": {"executed_lines": [558, 560, 561, 563, 564, 565, 566, 568, 569, 570, 571, 573, 575, 576, 578, 579, 580, 582, 584, 585, 586], "summary": {"covered_lines": 21, "num_statements": 22, "percent_covered": 95.45454545454545, "percent_covered_display": "95", "missing_lines": 1, "excluded_lines": 0, "percent_statements_covered": 95.45454545454545, "percent_statements_covered_display": "95"}, "missing_lines": [587], "excluded_lines": [], "start_line": 535}, "cli_doctor": {"executed_lines": [596, 598, 599, 600, 601, 603, 604, 606, 607, 608, 609, 610, 611, 612, 613, 614, 616, 617, 618, 619, 623, 624], "summary": {"covered_lines": 22, "num_statements": 25, "percent_covered": 88.0, "percent_covered_display": "88", "missing_lines": 3, "excluded_lines": 0, "percent_statements_covered": 88.0, "percent_statements_covered_display": "88"}, "missing_lines": [615, 621, 625], "excluded_lines": [], "start_line": 594}, "scheduler_start": {"executed_lines": [646, 648, 649, 650, 651], "summary": {"covered_lines": 5, "num_statements": 8, "percent_covered": 62.5, "percent_covered_display": "62", "missing_lines": 3, "excluded_lines": 0, "percent_statements_covered": 62.5, "percent_statements_covered_display": "62"}, "missing_lines": [653, 654, 655], "excluded_lines": [], "start_line": 635}, "scheduler_run_once": {"executed_lines": [], "summary": {"covered_lines": 0, "num_statements": 0, "percent_covered": 100.0, "percent_covered_display": "100", "missing_lines": 0, "excluded_lines": 23, "percent_statements_covered": 100.0, "percent_statements_covered_display": "100"}, "missing_lines": [], "excluded_lines": [662, 663, 664, 665, 666, 667, 668, 669, 670, 671, 672, 673, 674, 675, 676, 677, 678, 679, 680, 681, 682, 683, 684], "start_line": 659}, "scheduler_list": {"executed_lines": [690, 691, 695, 696, 697, 698, 699, 701, 702, 703, 704, 705, 706, 707], "summary": {"covered_lines": 14, "num_statements": 16, "percent_covered": 87.5, "percent_covered_display": "88", "missing_lines": 2, "excluded_lines": 0, "percent_statements_covered": 87.5, "percent_statements_covered_display": "88"}, "missing_lines": [692, 693], "excluded_lines": [], "start_line": 688}, "": {"executed_lines": [3, 5, 6, 8, 10, 11, 12, 13, 14, 16, 23, 24, 25, 27, 28, 29, 32, 38, 39, 91, 92, 245, 246, 377, 378, 397, 398, 464, 465, 534, 535, 593, 594, 630, 631, 634, 635, 687, 688], "summary": {"covered_lines": 39, "num_statements": 39, "percent_covered": 100.0, "percent_covered_display": "100", "missing_lines": 0, "excluded_lines": 34, "percent_statements_covered": 100.0, "percent_statements_covered_display": "100"}, "missing_lines": [], "excluded_lines": [260, 261, 262, 263, 281, 282, 300, 301, 324, 325, 326, 327, 328, 345, 346, 435, 436, 437, 438, 439, 479, 480, 498, 499, 500, 501, 515, 516, 517, 518, 658, 659, 660, 661], "start_line": 1}}, "classes": {"": {"executed_lines": [3, 5, 6, 8, 10, 11, 12, 13, 14, 16, 23, 24, 25, 27, 28, 29, 32, 33, 34, 35, 38, 39, 75, 76, 78, 79, 80, 81, 83, 84, 86, 87, 88, 91, 92, 94, 96, 97, 98, 99, 100, 102, 103, 105, 106, 107, 109, 112, 113, 245, 246, 248, 250, 251, 252, 253, 254, 255, 256, 257, 377, 378, 380, 382, 383, 384, 385, 386, 387, 388, 389, 390, 391, 392, 397, 398, 400, 402, 404, 405, 406, 410, 413, 414, 415, 416, 417, 418, 419, 421, 423, 432, 464, 465, 467, 469, 470, 471, 472, 473, 474, 475, 476, 534, 535, 558, 560, 561, 563, 564, 565, 566, 568, 569, 570, 571, 573, 575, 576, 578, 579, 580, 582, 584, 585, 586, 593, 594, 596, 598, 599, 600, 601, 603, 604, 606, 607, 608, 609, 610, 611, 612, 613, 614, 616, 617, 618, 619, 623, 624, 630, 631, 634, 635, 646, 648, 649, 650, 651, 687, 688, 690, 691, 695, 696, 697, 698, 699, 701, 702, 703, 704, 705, 706, 707], "summary": {"covered_lines": 175, "num_statements": 270, "percent_covered": 64.81481481481481, "percent_covered_display": "65", "missing_lines": 95, "excluded_lines": 204, "percent_statements_covered": 64.81481481481481, "percent_statements_covered_display": "65"}, "missing_lines": [85, 116, 117, 118, 119, 120, 121, 122, 125, 126, 128, 129, 130, 131, 132, 134, 135, 136, 137, 138, 139, 140, 141, 142, 143, 144, 145, 146, 148, 150, 151, 152, 153, 154, 156, 159, 164, 165, 167, 168, 169, 170, 172, 173, 174, 175, 176, 178, 179, 180, 181, 182, 184, 185, 186, 187, 188, 190, 191, 192, 194, 195, 196, 198, 199, 201, 202, 203, 204, 205, 214, 217, 218, 219, 220, 221, 222, 224, 226, 227, 234, 235, 236, 237, 238, 239, 587, 615, 621, 625, 653, 654, 655, 692, 693], "excluded_lines": [149, 166, 260, 261, 262, 263, 264, 265, 266, 267, 268, 269, 270, 271, 272, 273, 274, 275, 276, 277, 278, 281, 282, 283, 284, 285, 286, 287, 288, 289, 290, 291, 292, 293, 294, 295, 296, 297, 300, 301, 302, 303, 304, 305, 306, 307, 308, 309, 310, 311, 312, 313, 314, 315, 316, 317, 318, 319, 320, 321, 324, 325, 326, 327, 328, 329, 330, 331, 332, 333, 334, 335, 336, 337, 338, 339, 340, 341, 342, 345, 346, 347, 348, 349, 350, 351, 352, 353, 354, 355, 356, 357, 358, 359, 360, 361, 362, 363, 364, 365, 366, 367, 368, 369, 370, 371, 412, 435, 436, 437, 438, 439, 440, 441, 442, 443, 444, 445, 446, 447, 448, 449, 450, 451, 452, 453, 454, 455, 456, 457, 458, 479, 480, 481, 482, 483, 484, 485, 486, 487, 488, 489, 490, 491, 492, 493, 494, 495, 498, 499, 500, 501, 502, 503, 504, 505, 506, 507, 508, 509, 510, 511, 512, 515, 516, 517, 518, 519, 520, 521, 522, 523, 524, 525, 526, 527, 528, 658, 659, 660, 661, 662, 663, 664, 665, 666, 667, 668, 669, 670, 671, 672, 673, 674, 675, 676, 677, 678, 679, 680, 681, 682, 683, 684], "start_line": 1}}}, "src\\anythink\\commands\\__init__.py": {"executed_lines": [], "summary": {"covered_lines": 0, "num_statements": 0, "percent_covered": 100.0, "percent_covered_display": "100", "missing_lines": 0, "excluded_lines": 0, "percent_statements_covered": 100.0, "percent_statements_covered_display": "100"}, "missing_lines": [], "excluded_lines": [], "functions": {"": {"executed_lines": [], "summary": {"covered_lines": 0, "num_statements": 0, "percent_covered": 100.0, "percent_covered_display": "100", "missing_lines": 0, "excluded_lines": 0, "percent_statements_covered": 100.0, "percent_statements_covered_display": "100"}, "missing_lines": [], "excluded_lines": [], "start_line": 1}}, "classes": {"": {"executed_lines": [], "summary": {"covered_lines": 0, "num_statements": 0, "percent_covered": 100.0, "percent_covered_display": "100", "missing_lines": 0, "excluded_lines": 0, "percent_statements_covered": 100.0, "percent_statements_covered_display": "100"}, "missing_lines": [], "excluded_lines": [], "start_line": 1}}}, "src\\anythink\\commands\\base.py": {"executed_lines": [3, 5, 6, 7, 15, 16, 19, 20, 21, 22, 23, 26, 32, 33, 36, 37, 38, 39], "summary": {"covered_lines": 18, "num_statements": 18, "percent_covered": 100.0, "percent_covered_display": "100", "missing_lines": 0, "excluded_lines": 4, "percent_statements_covered": 100.0, "percent_statements_covered_display": "100"}, "missing_lines": [], "excluded_lines": [9, 10, 11, 12], "functions": {"": {"executed_lines": [3, 5, 6, 7, 15, 16, 19, 20, 21, 22, 23, 26, 32, 33, 36, 37, 38, 39], "summary": {"covered_lines": 18, "num_statements": 18, "percent_covered": 100.0, "percent_covered_display": "100", "missing_lines": 0, "excluded_lines": 4, "percent_statements_covered": 100.0, "percent_statements_covered_display": "100"}, "missing_lines": [], "excluded_lines": [9, 10, 11, 12], "start_line": 1}}, "classes": {"CommandResult": {"executed_lines": [], "summary": {"covered_lines": 0, "num_statements": 0, "percent_covered": 100.0, "percent_covered_display": "100", "missing_lines": 0, "excluded_lines": 0, "percent_statements_covered": 100.0, "percent_statements_covered_display": "100"}, "missing_lines": [], "excluded_lines": [], "start_line": 16}, "SlashCommand": {"executed_lines": [], "summary": {"covered_lines": 0, "num_statements": 0, "percent_covered": 100.0, "percent_covered_display": "100", "missing_lines": 0, "excluded_lines": 0, "percent_statements_covered": 100.0, "percent_statements_covered_display": "100"}, "missing_lines": [], "excluded_lines": [], "start_line": 33}, "": {"executed_lines": [3, 5, 6, 7, 15, 16, 19, 20, 21, 22, 23, 26, 32, 33, 36, 37, 38, 39], "summary": {"covered_lines": 18, "num_statements": 18, "percent_covered": 100.0, "percent_covered_display": "100", "missing_lines": 0, "excluded_lines": 4, "percent_statements_covered": 100.0, "percent_statements_covered_display": "100"}, "missing_lines": [], "excluded_lines": [9, 10, 11, 12], "start_line": 1}}}, "src\\anythink\\commands\\handlers.py": {"executed_lines": [3, 5, 6, 7, 9, 10, 11, 12, 13, 14, 15, 16, 17, 18, 19, 27, 29, 30, 31, 34, 35, 36, 41, 46, 49, 52, 53, 61, 69, 70, 71, 74, 75, 83, 86, 94, 102, 110, 118, 126, 134, 142, 152, 160, 168, 184, 192, 200, 208, 224, 234, 236, 239, 241, 243, 251, 261, 267, 268, 270, 271, 275, 276, 277, 279, 280, 281, 282, 283, 284, 285, 286, 289, 295, 303, 309, 310, 312, 313, 314, 315, 316, 317, 318, 319, 321, 322, 323, 326, 332, 333, 334, 335, 338, 345, 346, 347, 348, 349, 350, 351, 352, 353, 356, 357, 358, 359, 360, 365, 367, 369, 370, 375, 376, 381, 382, 391, 392, 393, 394, 395, 398, 400, 401, 402, 404, 410, 416, 417, 422, 423, 424, 426, 427, 428, 430, 431, 432, 435, 441, 442, 443, 445, 446, 451, 452, 453, 454, 455, 456, 457, 458, 459, 460, 462, 463, 464, 465, 472, 473, 474, 476, 477, 478, 479, 480, 481, 485, 486, 487, 488, 489, 490, 491, 492, 493, 495, 499, 500, 505, 506, 507, 508, 509, 510, 511, 512, 513, 515, 516, 517, 518, 521, 522, 523, 524, 525, 526, 527, 529, 535, 541, 542, 543, 544, 545, 546, 547, 548, 549, 552, 558, 559, 560, 561, 562, 563, 564, 565, 566, 571, 577, 578, 579, 580, 581, 582, 583, 584, 587, 590, 596, 597, 598, 600, 601, 602, 603, 604, 605, 606, 607, 608, 610, 611, 612, 613, 614, 615, 616, 623, 625, 627, 628, 629, 630, 631, 632, 633, 635, 636, 637, 638, 639, 640, 643, 649, 655, 657, 658, 659, 662, 663, 664, 665, 669, 670, 671, 673, 674, 675, 676, 680, 681, 682, 683, 685, 686, 687, 688, 689, 699, 702, 703, 704, 705, 706, 707, 708, 709, 710, 711, 712, 713, 717, 718, 719, 720, 721, 726, 727, 728, 729, 730, 731, 733, 734, 735, 736, 738, 739, 740, 741, 742, 743, 745, 746, 747, 748, 750, 751, 752, 755, 756, 757, 758, 759, 764, 765, 766, 767, 768, 769, 770, 771, 772, 773, 774, 775, 776, 777, 778, 779, 783, 788, 789, 790, 791, 792, 793, 794, 795, 796, 797, 798, 799, 800, 801, 802, 803, 804, 805, 806, 807, 817, 820, 821, 824, 825, 826, 827, 834, 835, 836, 837, 838, 845, 846, 847, 849, 850, 851, 856, 857, 858, 859, 861, 862, 864, 865, 866, 867, 868, 869, 870, 873, 879, 885, 891, 892, 893, 894, 895, 898, 905, 906, 907, 909, 910, 911, 914, 915, 916, 922, 925, 931, 932, 933, 934, 937, 938, 939, 940, 943, 946, 963, 964, 965, 968, 970, 971, 974, 975, 976, 980, 992, 993, 996, 997, 998, 999, 1001, 1002, 1005, 1011, 1012, 1013, 1014, 1016, 1017, 1018, 1019, 1020, 1021, 1022, 1023, 1024, 1025, 1031, 1038, 1039, 1040, 1041, 1044, 1045, 1046, 1048, 1049, 1050, 1051, 1052, 1053, 1057, 1058, 1059, 1062, 1063, 1065, 1066, 1067, 1071, 1077, 1078, 1079, 1080, 1081, 1087, 1098, 1100, 1102, 1103, 1104, 1105, 1106, 1107, 1109, 1110, 1121, 1124, 1126, 1128, 1129, 1130, 1131, 1132, 1133, 1134, 1135, 1136, 1137, 1141, 1144, 1177, 1183, 1184, 1186, 1187, 1188, 1189, 1192, 1193, 1196, 1206, 1207, 1208, 1209, 1210, 1212, 1213, 1214, 1215, 1218, 1221, 1222, 1223, 1224, 1225, 1231, 1232, 1233, 1234, 1235, 1236, 1237, 1238, 1241, 1242, 1243, 1244, 1245, 1246, 1247, 1250, 1251, 1258, 1264, 1265, 1267, 1274, 1275, 1276, 1277, 1278, 1279, 1280, 1282, 1284, 1290, 1291, 1314, 1320, 1322, 1325, 1326, 1334, 1335, 1336, 1337, 1338, 1339, 1341, 1342, 1343, 1344, 1345, 1346, 1347, 1348, 1351, 1352, 1353, 1355, 1356, 1357, 1358, 1364, 1365, 1366, 1368, 1374, 1375, 1376, 1377, 1381, 1392, 1399, 1400, 1401, 1402, 1407, 1408, 1411, 1412, 1413, 1414, 1415, 1416, 1421, 1422, 1424, 1425, 1426, 1427, 1431, 1432, 1433, 1435, 1436, 1437, 1438, 1441, 1442, 1450, 1451, 1454, 1455, 1460, 1461, 1462, 1463, 1464, 1465, 1466, 1468, 1469, 1472, 1474, 1475, 1476, 1477, 1478, 1481, 1482, 1483, 1484, 1487, 1490, 1491, 1492, 1493, 1496, 1497, 1498, 1499, 1501, 1502, 1503, 1504, 1507, 1508, 1509, 1510, 1511, 1512, 1513, 1514, 1517, 1518, 1519, 1525, 1526, 1527, 1528, 1529, 1530, 1533, 1535, 1536, 1537, 1538, 1541, 1542, 1543, 1544, 1545, 1547, 1548, 1558, 1562, 1565, 1618, 1619, 1621, 1622, 1623, 1624, 1630, 1631, 1633, 1634, 1636, 1637, 1638, 1639, 1644, 1645, 1646, 1655, 1656, 1658, 1659, 1662, 1664, 1665, 1666, 1668, 1673, 1687, 1740, 1790, 1797, 1798, 1799, 1800, 1803, 1804, 1805, 1806, 1809, 1810, 1811, 1812, 1814, 1815, 1818, 1819, 1820, 1821, 1822, 1823, 1824, 1825, 1826, 1827, 1830, 1831, 1832, 1833, 1834, 1835, 1836, 1837, 1838, 1839, 1842, 1873, 1874, 1875, 1876, 1883, 1884, 1885, 1886, 1887, 1888, 1889, 1890, 1897, 1898, 1899, 1900, 1901, 1902, 1903, 1907, 1908, 1909, 1911, 1912, 1913, 1914, 1915, 1916, 1917, 1918, 1919, 1926, 1930, 1931, 1932, 1934, 1935, 1938, 1940, 1941, 1943, 1944, 1945, 1946, 1947, 1954, 1955, 1957, 1962, 1971, 1977, 1979, 1980, 1981, 1983, 1986, 1987, 1990, 1991, 1998, 1999, 2004, 2005, 2006, 2008, 2011, 2012, 2013, 2014, 2015, 2016, 2017, 2020, 2021, 2022, 2023, 2025, 2026, 2028, 2029, 2031, 2032, 2033, 2034, 2036, 2037, 2038, 2039, 2040, 2041, 2042, 2078, 2079, 2080, 2081, 2083, 2085, 2086, 2087, 2089, 2094, 2095, 2096, 2097, 2098, 2099, 2101, 2102, 2103, 2104, 2105, 2106, 2114, 2116, 2117, 2118, 2119, 2120, 2121, 2123, 2124, 2133, 2134, 2135, 2136, 2138, 2139, 2140, 2159, 2162, 2168, 2169, 2170, 2181, 2182, 2188, 2189, 2190, 2191, 2192, 2193, 2194, 2195, 2196, 2197, 2198, 2199, 2202, 2203, 2204, 2205, 2209, 2211, 2226, 2233, 2234, 2235, 2237, 2238, 2239, 2240, 2241, 2242, 2244, 2245, 2246, 2247, 2249, 2250, 2251, 2253, 2254, 2255, 2256, 2261, 2271, 2278, 2279, 2281, 2283, 2284, 2285, 2286, 2293, 2294, 2295, 2296, 2298, 2299, 2300, 2302, 2303, 2305, 2306, 2307, 2309, 2310, 2312, 2313, 2314, 2321, 2322, 2323, 2324, 2328, 2329, 2330, 2331, 2332, 2334, 2340, 2352, 2359, 2361, 2363, 2364, 2366, 2367, 2372, 2373, 2374, 2375, 2386, 2387, 2388, 2389, 2392, 2393, 2394, 2395, 2396, 2397, 2399, 2400, 2402, 2403, 2404, 2405, 2406, 2407, 2408, 2409, 2410, 2411, 2412, 2414, 2417, 2424, 2425, 2427, 2434, 2435, 2436, 2442, 2449, 2451, 2453, 2454, 2455, 2459, 2460, 2461, 2463, 2464, 2465, 2467, 2468, 2469, 2471, 2472, 2473, 2474, 2476, 2477, 2478, 2480, 2481, 2482, 2483, 2485, 2494, 2501, 2503, 2504, 2505, 2507, 2508, 2509, 2510, 2513, 2514, 2515, 2516, 2517, 2518, 2520, 2521, 2523, 2524, 2525, 2526, 2527, 2528, 2530, 2531, 2532, 2533, 2535, 2536, 2538, 2539, 2540, 2541, 2542, 2544, 2545, 2546, 2551, 2552, 2553, 2554, 2555, 2556, 2557, 2565, 2572, 2573, 2576, 2577, 2579, 2580, 2581, 2586, 2587, 2588, 2589, 2590, 2592, 2593, 2594, 2595, 2597, 2607, 2614, 2616, 2618, 2619, 2620, 2622, 2623, 2624, 2625, 2627, 2628, 2629, 2632, 2633, 2634, 2635, 2639, 2640, 2646, 2653, 2655, 2657, 2659, 2660, 2661, 2662, 2663, 2664, 2669, 2670, 2672, 2684, 2691, 2693, 2694, 2695, 2697, 2698, 2699, 2701, 2703, 2704, 2705, 2706, 2709, 2717, 2718, 2720, 2721, 2722, 2734, 2740, 2749, 2756, 2757, 2759, 2760, 2761, 2762, 2764, 2765, 2766, 2767, 2768, 2769, 2770, 2771, 2773, 2774, 2775, 2776, 2777, 2778, 2779, 2780, 2781, 2782, 2784, 2785, 2786, 2787, 2789, 2790, 2791, 2792, 2793, 2794, 2800, 2806, 2813, 2815, 2822, 2823, 2824, 2829, 2830, 2835, 2848, 2855, 2857, 2858, 2860, 2861, 2862, 2863, 2873, 2875, 2880, 2881, 2882, 2883, 2884, 2885, 2887, 2888, 2889, 2891, 2892, 2895, 2897, 2898, 2899, 2901, 2902, 2905, 2907, 2908, 2909, 2911, 2912, 2915, 2917, 2918, 2919, 2921, 2922, 2923, 2924, 2930, 2942, 2981], "summary": {"covered_lines": 1259, "num_statements": 1594, "percent_covered": 78.98368883312422, "percent_covered_display": "79", "missing_lines": 335, "excluded_lines": 12, "percent_statements_covered": 78.98368883312422, "percent_statements_covered_display": "79"}, "missing_lines": [496, 497, 498, 624, 641, 714, 810, 811, 812, 815, 816, 912, 941, 942, 947, 948, 949, 950, 951, 952, 953, 954, 955, 956, 957, 958, 959, 960, 966, 967, 969, 972, 973, 977, 981, 982, 983, 984, 985, 986, 987, 988, 1047, 1064, 1089, 1108, 1146, 1148, 1149, 1150, 1151, 1167, 1168, 1169, 1174, 1197, 1198, 1199, 1200, 1201, 1202, 1203, 1248, 1249, 1252, 1254, 1255, 1256, 1257, 1281, 1283, 1298, 1308, 1340, 1354, 1367, 1386, 1420, 1428, 1467, 1470, 1471, 1473, 1479, 1480, 1500, 1559, 1566, 1567, 1568, 1569, 1570, 1572, 1573, 1574, 1575, 1576, 1578, 1581, 1582, 1583, 1584, 1585, 1586, 1587, 1588, 1589, 1595, 1596, 1597, 1598, 1599, 1600, 1601, 1602, 1603, 1604, 1605, 1606, 1607, 1608, 1611, 1612, 1613, 1614, 1625, 1626, 1627, 1628, 1632, 1642, 1653, 1657, 1660, 1661, 1667, 1694, 1695, 1696, 1698, 1699, 1707, 1708, 1709, 1710, 1712, 1713, 1714, 1715, 1718, 1719, 1720, 1721, 1726, 1727, 1728, 1733, 1747, 1748, 1749, 1751, 1752, 1757, 1758, 1759, 1760, 1764, 1766, 1767, 1769, 1770, 1771, 1772, 1775, 1776, 1777, 1778, 1780, 1843, 1844, 1845, 1846, 1847, 1851, 1859, 1860, 1861, 1862, 1863, 1864, 1866, 1867, 1868, 1869, 1870, 1891, 1892, 1893, 1894, 1904, 1927, 1948, 1992, 2007, 2030, 2044, 2045, 2046, 2047, 2048, 2049, 2050, 2051, 2052, 2054, 2055, 2056, 2057, 2058, 2059, 2060, 2062, 2063, 2064, 2065, 2066, 2067, 2068, 2069, 2070, 2072, 2090, 2091, 2092, 2108, 2141, 2142, 2143, 2144, 2145, 2146, 2147, 2148, 2149, 2150, 2151, 2152, 2153, 2154, 2155, 2157, 2160, 2163, 2164, 2165, 2166, 2171, 2172, 2173, 2174, 2178, 2200, 2346, 2378, 2379, 2380, 2381, 2382, 2383, 2384, 2401, 2413, 2415, 2470, 2479, 2522, 2529, 2537, 2547, 2559, 2630, 2637, 2707, 2708, 2719, 2723, 2724, 2725, 2726, 2727, 2735, 2737, 2738, 2772, 2796, 2797, 2798, 2866, 2867, 2868, 2869, 2870, 2871, 2876, 2890, 2893, 2894, 2900, 2903, 2904, 2910, 2913, 2914, 2920, 2949, 2951, 2952, 2953, 2954, 2956, 2957, 2958, 2959, 2960, 2962, 2963, 2975, 2988, 2989, 2990, 2994, 2995, 2996, 2997, 2999], "excluded_lines": [21, 22, 23, 24, 176, 216, 1182, 1449, 1906, 1910, 2574, 2816], "functions": {"register_commands": {"executed_lines": [29, 30, 31, 34, 35, 36, 41, 46, 49, 52, 53, 61, 69, 70, 71, 74, 75, 83, 86, 94, 102, 110, 118, 126, 134, 142, 152, 160, 168, 184, 192, 200, 208, 224, 234, 236, 239, 241, 243, 251], "summary": {"covered_lines": 40, "num_statements": 40, "percent_covered": 100.0, "percent_covered_display": "100", "missing_lines": 0, "excluded_lines": 2, "percent_statements_covered": 100.0, "percent_statements_covered_display": "100"}, "missing_lines": [], "excluded_lines": [176, 216], "start_line": 27}, "_help": {"executed_lines": [267, 268, 270, 271, 275, 276, 277, 279, 280, 281, 282, 283, 284, 285, 286], "summary": {"covered_lines": 15, "num_statements": 15, "percent_covered": 100.0, "percent_covered_display": "100", "missing_lines": 0, "excluded_lines": 0, "percent_statements_covered": 100.0, "percent_statements_covered_display": "100"}, "missing_lines": [], "excluded_lines": [], "start_line": 261}, "_clear": {"executed_lines": [295], "summary": {"covered_lines": 1, "num_statements": 1, "percent_covered": 100.0, "percent_covered_display": "100", "missing_lines": 0, "excluded_lines": 0, "percent_statements_covered": 100.0, "percent_statements_covered_display": "100"}, "missing_lines": [], "excluded_lines": [], "start_line": 289}, "_history": {"executed_lines": [309, 310, 312, 313, 314, 315, 316, 317, 318, 319, 321, 322, 323], "summary": {"covered_lines": 13, "num_statements": 13, "percent_covered": 100.0, "percent_covered_display": "100", "missing_lines": 0, "excluded_lines": 0, "percent_statements_covered": 100.0, "percent_statements_covered_display": "100"}, "missing_lines": [], "excluded_lines": [], "start_line": 303}, "_tokens": {"executed_lines": [332, 333, 334, 335], "summary": {"covered_lines": 4, "num_statements": 4, "percent_covered": 100.0, "percent_covered_display": "100", "missing_lines": 0, "excluded_lines": 0, "percent_statements_covered": 100.0, "percent_statements_covered_display": "100"}, "missing_lines": [], "excluded_lines": [], "start_line": 326}, "_model": {"executed_lines": [345, 346, 347, 348, 349, 350, 351, 352, 353, 356, 357, 358, 359, 360, 365, 367, 369, 370, 375, 376, 381, 382, 391, 392, 393, 394, 395, 398, 400, 401, 402, 404], "summary": {"covered_lines": 32, "num_statements": 32, "percent_covered": 100.0, "percent_covered_display": "100", "missing_lines": 0, "excluded_lines": 0, "percent_statements_covered": 100.0, "percent_statements_covered_display": "100"}, "missing_lines": [], "excluded_lines": [], "start_line": 338}, "_persona": {"executed_lines": [416, 417, 422, 423, 424, 426, 427, 428, 430, 431, 432], "summary": {"covered_lines": 11, "num_statements": 11, "percent_covered": 100.0, "percent_covered_display": "100", "missing_lines": 0, "excluded_lines": 0, "percent_statements_covered": 100.0, "percent_statements_covered_display": "100"}, "missing_lines": [], "excluded_lines": [], "start_line": 410}, "_session": {"executed_lines": [441, 442, 443, 445, 446, 451, 452, 453, 454, 455, 456, 457, 458, 459, 460, 462, 463, 464, 465, 472, 473, 474, 476, 477, 478, 479, 480, 481, 485, 486, 487, 488, 489, 490, 491, 492, 493, 495, 499, 500, 505, 506, 507, 508, 509, 510, 511, 512, 513, 515, 516, 517, 518, 521, 522, 523, 524, 525, 526, 527, 529], "summary": {"covered_lines": 61, "num_statements": 64, "percent_covered": 95.3125, "percent_covered_display": "95", "missing_lines": 3, "excluded_lines": 0, "percent_statements_covered": 95.3125, "percent_statements_covered_display": "95"}, "missing_lines": [496, 497, 498], "excluded_lines": [], "start_line": 435}, "_file": {"executed_lines": [541, 542, 543, 544, 545, 546, 547, 548, 549], "summary": {"covered_lines": 9, "num_statements": 9, "percent_covered": 100.0, "percent_covered_display": "100", "missing_lines": 0, "excluded_lines": 0, "percent_statements_covered": 100.0, "percent_statements_covered_display": "100"}, "missing_lines": [], "excluded_lines": [], "start_line": 535}, "_image": {"executed_lines": [558, 559, 560, 561, 562, 563, 564, 565, 566], "summary": {"covered_lines": 9, "num_statements": 9, "percent_covered": 100.0, "percent_covered_display": "100", "missing_lines": 0, "excluded_lines": 0, "percent_statements_covered": 100.0, "percent_statements_covered_display": "100"}, "missing_lines": [], "excluded_lines": [], "start_line": 552}, "_files": {"executed_lines": [577, 578, 579, 580, 581, 582, 583, 584, 587], "summary": {"covered_lines": 9, "num_statements": 9, "percent_covered": 100.0, "percent_covered_display": "100", "missing_lines": 0, "excluded_lines": 0, "percent_statements_covered": 100.0, "percent_statements_covered_display": "100"}, "missing_lines": [], "excluded_lines": [], "start_line": 571}, "_plugins": {"executed_lines": [596, 597, 598, 600, 601, 602, 603, 604, 605, 606, 607, 608, 610, 611, 612, 613, 614, 615, 616, 623, 625, 627, 628, 629, 630, 631, 632, 633, 635, 636, 637, 638, 639, 640, 643], "summary": {"covered_lines": 35, "num_statements": 37, "percent_covered": 94.5945945945946, "percent_covered_display": "95", "missing_lines": 2, "excluded_lines": 0, "percent_statements_covered": 94.5945945945946, "percent_statements_covered_display": "95"}, "missing_lines": [624, 641], "excluded_lines": [], "start_line": 590}, "_search": {"executed_lines": [655, 657, 658, 659, 662, 663, 664, 665, 669, 670, 671, 673, 674, 675, 676, 680, 681, 682, 683, 685, 686, 687, 688, 689, 699, 702, 703, 704, 705, 706, 707, 708, 709, 710, 711, 712, 713, 717, 718, 719, 720, 721, 726, 727, 728, 729, 730, 731, 733, 734, 735, 736, 738, 739, 740, 741, 742, 743, 745, 746, 747, 748, 750, 751, 752, 755, 756, 757, 758, 759, 764, 765, 766, 767, 768, 769, 770, 771, 772, 773, 774, 775, 776, 777, 778, 779, 783, 788, 789, 790, 791, 792, 793, 794, 795, 796, 797, 798, 799, 800, 801, 802, 803, 804, 805, 806, 807, 817, 820, 821, 824, 825, 826, 827, 834, 835, 836, 837, 838, 845, 846, 847, 849
[...]
play": "100", "missing_lines": 0, "excluded_lines": 0, "percent_statements_covered": 100.0, "percent_statements_covered_display": "100"}, "missing_lines": [], "excluded_lines": [], "start_line": 101}, "": {"executed_lines": [3, 5, 6, 8, 9, 11, 12, 17, 33, 40, 47, 60, 68, 79, 89, 95, 101], "summary": {"covered_lines": 17, "num_statements": 17, "percent_covered": 100.0, "percent_covered_display": "100", "missing_lines": 0, "excluded_lines": 2, "percent_statements_covered": 100.0, "percent_statements_covered_display": "100"}, "missing_lines": [], "excluded_lines": [14, 15], "start_line": 1}}, "classes": {"ThinkingWidget": {"executed_lines": [48, 49, 50, 51, 52, 53, 54, 55, 56, 65, 66, 70, 71, 72, 73, 74, 75, 80, 81, 82, 83, 84, 85, 102, 103, 104, 105, 106, 107, 108], "summary": {"covered_lines": 30, "num_statements": 38, "percent_covered": 78.94736842105263, "percent_covered_display": "79", "missing_lines": 8, "excluded_lines": 0, "percent_statements_covered": 78.94736842105263, "percent_statements_covered_display": "79"}, "missing_lines": [90, 91, 92, 93, 96, 97, 98, 99], "excluded_lines": [], "start_line": 33}, "": {"executed_lines": [3, 5, 6, 8, 9, 11, 12, 17, 33, 40, 47, 60, 68, 79, 89, 95, 101], "summary": {"covered_lines": 17, "num_statements": 17, "percent_covered": 100.0, "percent_covered_display": "100", "missing_lines": 0, "excluded_lines": 2, "percent_statements_covered": 100.0, "percent_statements_covered_display": "100"}, "missing_lines": [], "excluded_lines": [14, 15], "start_line": 1}}}, "src\\anythink\\ui\\textual\\tips_bar.py": {"executed_lines": [3, 5, 6, 8, 9, 11, 12, 19, 35, 38, 46, 47, 48, 49, 50, 51, 52, 56, 58, 59, 60, 61, 62, 63, 65, 74, 80, 84, 85, 87, 88, 89, 90, 91, 92], "summary": {"covered_lines": 35, "num_statements": 45, "percent_covered": 77.77777777777777, "percent_covered_display": "78", "missing_lines": 10, "excluded_lines": 3, "percent_statements_covered": 77.77777777777777, "percent_statements_covered_display": "78"}, "missing_lines": [67, 68, 69, 70, 75, 76, 77, 78, 82, 86], "excluded_lines": [14, 15, 17], "functions": {"TipsBar.__init__": {"executed_lines": [47, 48, 49, 50, 51, 52], "summary": {"covered_lines": 6, "num_statements": 6, "percent_covered": 100.0, "percent_covered_display": "100", "missing_lines": 0, "excluded_lines": 0, "percent_statements_covered": 100.0, "percent_statements_covered_display": "100"}, "missing_lines": [], "excluded_lines": [], "start_line": 46}, "TipsBar.start": {"executed_lines": [58, 59, 60, 61, 62, 63], "summary": {"covered_lines": 6, "num_statements": 6, "percent_covered": 100.0, "percent_covered_display": "100", "missing_lines": 0, "excluded_lines": 0, "percent_statements_covered": 100.0, "percent_statements_covered_display": "100"}, "missing_lines": [], "excluded_lines": [], "start_line": 56}, "TipsBar.stop": {"executed_lines": [], "summary": {"covered_lines": 0, "num_statements": 4, "percent_covered": 0.0, "percent_covered_display": "0", "missing_lines": 4, "excluded_lines": 0, "percent_statements_covered": 0.0, "percent_statements_covered_display": "0"}, "missing_lines": [67, 68, 69, 70], "excluded_lines": [], "start_line": 65}, "TipsBar._rotate_tip": {"executed_lines": [], "summary": {"covered_lines": 0, "num_statements": 4, "percent_covered": 0.0, "percent_covered_display": "0", "missing_lines": 4, "excluded_lines": 0, "percent_statements_covered": 0.0, "percent_statements_covered_display": "0"}, "missing_lines": [75, 76, 77, 78], "excluded_lines": [], "start_line": 74}, "TipsBar.set_config": {"executed_lines": [], "summary": {"covered_lines": 0, "num_statements": 1, "percent_covered": 0.0, "percent_covered_display": "0", "missing_lines": 1, "excluded_lines": 0, "percent_statements_covered": 0.0, "percent_statements_covered_display": "0"}, "missing_lines": [82], "excluded_lines": [], "start_line": 80}, "TipsBar._update_tip": {"executed_lines": [85, 87, 88, 89, 90, 91, 92], "summary": {"covered_lines": 7, "num_statements": 8, "percent_covered": 87.5, "percent_covered_display": "88", "missing_lines": 1, "excluded_lines": 0, "percent_statements_covered": 87.5, "percent_statements_covered_display": "88"}, "missing_lines": [86], "excluded_lines": [], "start_line": 84}, "": {"executed_lines": [3, 5, 6, 8, 9, 11, 12, 19, 35, 38, 46, 56, 65, 74, 80, 84], "summary": {"covered_lines": 16, "num_statements": 16, "percent_covered": 100.0, "percent_covered_display": "100", "missing_lines": 0, "excluded_lines": 3, "percent_statements_covered": 100.0, "percent_statements_covered_display": "100"}, "missing_lines": [], "excluded_lines": [14, 15, 17], "start_line": 1}}, "classes": {"TipsBar": {"executed_lines": [47, 48, 49, 50, 51, 52, 58, 59, 60, 61, 62, 63, 85, 87, 88, 89, 90, 91, 92], "summary": {"covered_lines": 19, "num_statements": 29, "percent_covered": 65.51724137931035, "percent_covered_display": "66", "missing_lines": 10, "excluded_lines": 0, "percent_statements_covered": 65.51724137931035, "percent_statements_covered_display": "66"}, "missing_lines": [67, 68, 69, 70, 75, 76, 77, 78, 82, 86], "excluded_lines": [], "start_line": 35}, "": {"executed_lines": [3, 5, 6, 8, 9, 11, 12, 19, 35, 38, 46, 56, 65, 74, 80, 84], "summary": {"covered_lines": 16, "num_statements": 16, "percent_covered": 100.0, "percent_covered_display": "100", "missing_lines": 0, "excluded_lines": 3, "percent_statements_covered": 100.0, "percent_statements_covered_display": "100"}, "missing_lines": [], "excluded_lines": [14, 15, 17], "start_line": 1}}}, "src\\anythink\\ui\\theme.py": {"executed_lines": [3, 5, 7, 10, 11, 14, 15, 16, 17, 18, 19, 20, 21, 22, 23, 24, 25, 26, 29, 43, 57, 71, 85, 100, 115, 129, 143, 148, 150, 151, 152, 153, 154], "summary": {"covered_lines": 33, "num_statements": 33, "percent_covered": 100.0, "percent_covered_display": "100", "missing_lines": 0, "excluded_lines": 0, "percent_statements_covered": 100.0, "percent_statements_covered_display": "100"}, "missing_lines": [], "excluded_lines": [], "functions": {"get_theme": {"executed_lines": [150, 151, 152, 153, 154], "summary": {"covered_lines": 5, "num_statements": 5, "percent_covered": 100.0, "percent_covered_display": "100", "missing_lines": 0, "excluded_lines": 0, "percent_statements_covered": 100.0, "percent_statements_covered_display": "100"}, "missing_lines": [], "excluded_lines": [], "start_line": 148}, "": {"executed_lines": [3, 5, 7, 10, 11, 14, 15, 16, 17, 18, 19, 20, 21, 22, 23, 24, 25, 26, 29, 43, 57, 71, 85, 100, 115, 129, 143, 148], "summary": {"covered_lines": 28, "num_statements": 28, "percent_covered": 100.0, "percent_covered_display": "100", "missing_lines": 0, "excluded_lines": 0, "percent_statements_covered": 100.0, "percent_statements_covered_display": "100"}, "missing_lines": [], "excluded_lines": [], "start_line": 1}}, "classes": {"Theme": {"executed_lines": [], "summary": {"covered_lines": 0, "num_statements": 0, "percent_covered": 100.0, "percent_covered_display": "100", "missing_lines": 0, "excluded_lines": 0, "percent_statements_covered": 100.0, "percent_statements_covered_display": "100"}, "missing_lines": [], "excluded_lines": [], "start_line": 11}, "": {"executed_lines": [3, 5, 7, 10, 11, 14, 15, 16, 17, 18, 19, 20, 21, 22, 23, 24, 25, 26, 29, 43, 57, 71, 85, 100, 115, 129, 143, 148, 150, 151, 152, 153, 154], "summary": {"covered_lines": 33, "num_statements": 33, "percent_covered": 100.0, "percent_covered_display": "100", "missing_lines": 0, "excluded_lines": 0, "percent_statements_covered": 100.0, "percent_statements_covered_display": "100"}, "missing_lines": [], "excluded_lines": [], "start_line": 1}}}, "src\\anythink\\ui\\timestamp.py": {"executed_lines": [3, 5, 6, 7, 13, 16, 29, 30, 32, 33, 34, 36, 37, 38, 39, 40, 41, 43, 44, 45, 46, 47, 48], "summary": {"covered_lines": 23, "num_statements": 23, "percent_covered": 100.0, "percent_covered_display": "100", "missing_lines": 0, "excluded_lines": 2, "percent_statements_covered": 100.0, "percent_statements_covered_display": "100"}, "missing_lines": [], "excluded_lines": [9, 10], "functions": {"format_timestamp": {"executed_lines": [29, 30, 32, 33, 34, 36, 37, 38, 39, 40, 41, 43, 44, 45, 46, 47, 48], "summary": {"covered_lines": 17, "num_statements": 17, "percent_covered": 100.0, "percent_covered_display": "100", "missing_lines": 0, "excluded_lines": 0, "percent_statements_covered": 100.0, "percent_statements_covered_display": "100"}, "missing_lines": [], "excluded_lines": [], "start_line": 16}, "": {"executed_lines": [3, 5, 6, 7, 13, 16], "summary": {"covered_lines": 6, "num_statements": 6, "percent_covered": 100.0, "percent_covered_display": "100", "missing_lines": 0, "excluded_lines": 2, "percent_statements_covered": 100.0, "percent_statements_covered_display": "100"}, "missing_lines": [], "excluded_lines": [9, 10], "start_line": 1}}, "classes": {"": {"executed_lines": [3, 5, 6, 7, 13, 16, 29, 30, 32, 33, 34, 36, 37, 38, 39, 40, 41, 43, 44, 45, 46, 47, 48], "summary": {"covered_lines": 23, "num_statements": 23, "percent_covered": 100.0, "percent_covered_display": "100", "missing_lines": 0, "excluded_lines": 2, "percent_statements_covered": 100.0, "percent_statements_covered_display": "100"}, "missing_lines": [], "excluded_lines": [9, 10], "start_line": 1}}}, "src\\anythink\\updater.py": {"executed_lines": [3, 5, 6, 9, 11, 12, 14, 15, 16, 17, 18, 19, 22, 24, 25, 27, 28, 29, 32, 37, 38, 39, 42, 44, 49, 50], "summary": {"covered_lines": 26, "num_statements": 26, "percent_covered": 100.0, "percent_covered_display": "100", "missing_lines": 0, "excluded_lines": 0, "percent_statements_covered": 100.0, "percent_statements_covered_display": "100"}, "missing_lines": [], "excluded_lines": [], "functions": {"fetch_latest_version": {"executed_lines": [11, 12, 14, 15, 16, 17, 18, 19], "summary": {"covered_lines": 8, "num_statements": 8, "percent_covered": 100.0, "percent_covered_display": "100", "missing_lines": 0, "excluded_lines": 0, "percent_statements_covered": 100.0, "percent_statements_covered_display": "100"}, "missing_lines": [], "excluded_lines": [], "start_line": 9}, "current_version": {"executed_lines": [24, 25, 27, 28, 29], "summary": {"covered_lines": 5, "num_statements": 5, "percent_covered": 100.0, "percent_covered_display": "100", "missing_lines": 0, "excluded_lines": 0, "percent_statements_covered": 100.0, "percent_statements_covered_display": "100"}, "missing_lines": [], "excluded_lines": [], "start_line": 22}, "check_update": {"executed_lines": [37, 38, 39], "summary": {"covered_lines": 3, "num_statements": 3, "percent_covered": 100.0, "percent_covered_display": "100", "missing_lines": 0, "excluded_lines": 0, "percent_statements_covered": 100.0, "percent_statements_covered_display": "100"}, "missing_lines": [], "excluded_lines": [], "start_line": 32}, "run_upgrade": {"executed_lines": [44, 49, 50], "summary": {"covered_lines": 3, "num_statements": 3, "percent_covered": 100.0, "percent_covered_display": "100", "missing_lines": 0, "excluded_lines": 0, "percent_statements_covered": 100.0, "percent_statements_covered_display": "100"}, "missing_lines": [], "excluded_lines": [], "start_line": 42}, "": {"executed_lines": [3, 5, 6, 9, 22, 32, 42], "summary": {"covered_lines": 7, "num_statements": 7, "percent_covered": 100.0, "percent_covered_display": "100", "missing_lines": 0, "excluded_lines": 0, "percent_statements_covered": 100.0, "percent_statements_covered_display": "100"}, "missing_lines": [], "excluded_lines": [], "start_line": 1}}, "classes": {"": {"executed_lines": [3, 5, 6, 9, 11, 12, 14, 15, 16, 17, 18, 19, 22, 24, 25, 27, 28, 29, 32, 37, 38, 39, 42, 44, 49, 50], "summary": {"covered_lines": 26, "num_statements": 26, "percent_covered": 100.0, "percent_covered_display": "100", "missing_lines": 0, "excluded_lines": 0, "percent_statements_covered": 100.0, "percent_statements_covered_display": "100"}, "missing_lines": [], "excluded_lines": [], "start_line": 1}}}, "src\\anythink\\voice\\__init__.py": {"executed_lines": [], "summary": {"covered_lines": 0, "num_statements": 0, "percent_covered": 100.0, "percent_covered_display": "100", "missing_lines": 0, "excluded_lines": 0, "percent_statements_covered": 100.0, "percent_statements_covered_display": "100"}, "missing_lines": [], "excluded_lines": [], "functions": {"": {"executed_lines": [], "summary": {"covered_lines": 0, "num_statements": 0, "percent_covered": 100.0, "percent_covered_display": "100", "missing_lines": 0, "excluded_lines": 0, "percent_statements_covered": 100.0, "percent_statements_covered_display": "100"}, "missing_lines": [], "excluded_lines": [], "start_line": 1}}, "classes": {"": {"executed_lines": [], "summary": {"covered_lines": 0, "num_statements": 0, "percent_covered": 100.0, "percent_covered_display": "100", "missing_lines": 0, "excluded_lines": 0, "percent_statements_covered": 100.0, "percent_statements_covered_display": "100"}, "missing_lines": [], "excluded_lines": [], "start_line": 1}}}, "src\\anythink\\voice\\recorder.py": {"executed_lines": [6, 8, 10, 12, 13, 14, 17, 25, 30, 31, 32, 33, 34, 36, 37, 38, 40, 42, 43, 44, 45, 50, 51, 53, 54, 55, 57, 59, 65, 67, 73, 74, 75, 76, 77, 79, 80, 81, 82, 87, 88, 89], "summary": {"covered_lines": 42, "num_statements": 42, "percent_covered": 100.0, "percent_covered_display": "100", "missing_lines": 0, "excluded_lines": 0, "percent_statements_covered": 100.0, "percent_statements_covered_display": "100"}, "missing_lines": [], "excluded_lines": [], "functions": {"VoiceRecorder.__init__": {"executed_lines": [30, 31, 32, 33, 34], "summary": {"covered_lines": 5, "num_statements": 5, "percent_covered": 100.0, "percent_covered_display": "100", "missing_lines": 0, "excluded_lines": 0, "percent_statements_covered": 100.0, "percent_statements_covered_display": "100"}, "missing_lines": [], "excluded_lines": [], "start_line": 25}, "VoiceRecorder.is_recording": {"executed_lines": [38], "summary": {"covered_lines": 1, "num_statements": 1, "percent_covered": 100.0, "percent_covered_display": "100", "missing_lines": 0, "excluded_lines": 0, "percent_statements_covered": 100.0, "percent_statements_covered_display": "100"}, "missing_lines": [], "excluded_lines": [], "start_line": 37}, "VoiceRecorder.start": {"executed_lines": [42, 43, 44, 45, 50, 51, 53, 59, 65], "summary": {"covered_lines": 9, "num_statements": 9, "percent_covered": 100.0, "percent_covered_display": "100", "missing_lines": 0, "excluded_lines": 0, "percent_statements_covered": 100.0, "percent_statements_covered_display": "100"}, "missing_lines": [], "excluded_lines": [], "start_line": 40}, "VoiceRecorder.start._callback": {"executed_lines": [54, 55, 57], "summary": {"covered_lines": 3, "num_statements": 3, "percent_covered": 100.0, "percent_covered_display": "100", "missing_lines": 0, "excluded_lines": 0, "percent_statements_covered": 100.0, "percent_statements_covered_display": "100"}, "missing_lines": [], "excluded_lines": [], "start_line": 53}, "VoiceRecorder.stop": {"executed_lines": [73, 74, 75, 76, 77, 79, 80, 81, 82, 87, 88, 89], "summary": {"covered_lines": 12, "num_statements": 12, "percent_covered": 100.0, "percent_covered_display": "100", "missing_lines": 0, "excluded_lines": 0, "percent_statements_covered": 100.0, "percent_statements_covered_display": "100"}, "missing_lines": [], "excluded_lines": [], "start_line": 67}, "": {"executed_lines": [6, 8, 10, 12, 13, 14, 17, 25, 36, 37, 40, 67], "summary": {"covered_lines": 12, "num_statements": 12, "percent_covered": 100.0, "percent_covered_display": "100", "missing_lines": 0, "excluded_lines": 0, "percent_statements_covered": 100.0, "percent_statements_covered_display": "100"}, "missing_lines": [], "excluded_lines": [], "start_line": 1}}, "classes": {"VoiceRecorder": {"executed_lines": [30, 31, 32, 33, 34, 38, 42, 43, 44, 45, 50, 51, 53, 54, 55, 57, 59, 65, 73, 74, 75, 76, 77, 79, 80, 81, 82, 87, 88, 89], "summary": {"covered_lines": 30, "num_statements": 30, "percent_covered": 100.0, "percent_covered_display": "100", "missing_lines": 0, "excluded_lines": 0, "percent_statements_covered": 100.0, "percent_statements_covered_display": "100"}, "missing_lines": [], "excluded_lines": [], "start_line": 17}, "": {"executed_lines": [6, 8, 10, 12, 13, 14, 17, 25, 36, 37, 40, 67], "summary": {"covered_lines": 12, "num_statements": 12, "percent_covered": 100.0, "percent_covered_display": "100", "missing_lines": 0, "excluded_lines": 0, "percent_statements_covered": 100.0, "percent_statements_covered_display": "100"}, "missing_lines": [], "excluded_lines": [], "start_line": 1}}}, "src\\anythink\\voice\\transcriber.py": {"executed_lines": [8, 10, 12, 14, 17, 24, 29, 30, 31, 32, 33, 35, 36, 37, 39, 40, 41, 42, 43, 44, 45, 52, 54, 59, 60, 61, 62, 67, 70, 71, 73, 74, 76, 78, 79, 80, 82, 83, 84], "summary": {"covered_lines": 39, "num_statements": 39, "percent_covered": 100.0, "percent_covered_display": "100", "missing_lines": 0, "excluded_lines": 0, "percent_statements_covered": 100.0, "percent_statements_covered_display": "100"}, "missing_lines": [], "excluded_lines": [], "functions": {"VoiceTranscriber.__init__": {"executed_lines": [29, 30, 31, 32, 33], "summary": {"covered_lines": 5, "num_statements": 5, "percent_covered": 100.0, "percent_covered_display": "100", "missing_lines": 0, "excluded_lines": 0, "percent_statements_covered": 100.0, "percent_statements_covered_display": "100"}, "missing_lines": [], "excluded_lines": [], "start_line": 24}, "VoiceTranscriber.model_name": {"executed_lines": [37], "summary": {"covered_lines": 1, "num_statements": 1, "percent_covered": 100.0, "percent_covered_display": "100", "missing_lines": 0, "excluded_lines": 0, "percent_statements_covered": 100.0, "percent_statements_covered_display": "100"}, "missing_lines": [], "excluded_lines": [], "start_line": 36}, "VoiceTranscriber._load_model": {"executed_lines": [40, 41, 42, 43, 44, 45, 52], "summary": {"covered_lines": 7, "num_statements": 7, "percent_covered": 100.0, "percent_covered_display": "100", "missing_lines": 0, "excluded_lines": 0, "percent_statements_covered": 100.0, "percent_statements_covered_display": "100"}, "missing_lines": [], "excluded_lines": [], "start_line": 39}, "VoiceTranscriber.transcribe": {"executed_lines": [59, 60, 61, 62, 67, 70, 71, 73, 74, 76, 78, 79, 80, 82, 83, 84], "summary": {"covered_lines": 16, "num_statements": 16, "percent_covered": 100.0, "percent_covered_display": "100", "missing_lines": 0, "excluded_lines": 0, "percent_statements_covered": 100.0, "percent_statements_covered_display": "100"}, "missing_lines": [], "excluded_lines": [], "start_line": 54}, "": {"executed_lines": [8, 10, 12, 14, 17, 24, 35, 36, 39, 54], "summary": {"covered_lines": 10, "num_statements": 10, "percent_covered": 100.0, "percent_covered_display": "100", "missing_lines": 0, "excluded_lines": 0, "percent_statements_covered": 100.0, "percent_statements_covered_display": "100"}, "missing_lines": [], "excluded_lines": [], "start_line": 1}}, "classes": {"VoiceTranscriber": {"executed_lines": [29, 30, 31, 32, 33, 37, 40, 41, 42, 43, 44, 45, 52, 59, 60, 61, 62, 67, 70, 71, 73, 74, 76, 78, 79, 80, 82, 83, 84], "summary": {"covered_lines": 29, "num_statements": 29, "percent_covered": 100.0, "percent_covered_display": "100", "missing_lines": 0, "excluded_lines": 0, "percent_statements_covered": 100.0, "percent_statements_covered_display": "100"}, "missing_lines": [], "excluded_lines": [], "start_line": 17}, "": {"executed_lines": [8, 10, 12, 14, 17, 24, 35, 36, 39, 54], "summary": {"covered_lines": 10, "num_statements": 10, "percent_covered": 100.0, "percent_covered_display": "100", "missing_lines": 0, "excluded_lines": 0, "percent_statements_covered": 100.0, "percent_statements_covered_display": "100"}, "missing_lines": [], "excluded_lines": [], "start_line": 1}}}}, "totals": {"covered_lines": 11773, "num_statements": 14718, "percent_covered": 79.99048783802147, "percent_covered_display": "80", "missing_lines": 2945, "excluded_lines": 607, "percent_statements_covered": 79.99048783802147, "percent_statements_covered_display": "80"}}